mode: set
github.com/bchamber/taskman-mcp/cmd/server/main.go:14.13,35.12 7 0
github.com/bchamber/taskman-mcp/cmd/server/main.go:35.12,42.3 5 0
github.com/bchamber/taskman-mcp/cmd/server/main.go:45.2,45.43 1 0
github.com/bchamber/taskman-mcp/cmd/server/main.go:45.43,48.3 2 0
github.com/bchamber/taskman-mcp/cmd/server/main.go:50.2,50.40 1 0
github.com/bchamber/taskman-mcp/cmd/server/main.go:53.33,55.15 2 0
github.com/bchamber/taskman-mcp/cmd/server/main.go:56.15,57.29 1 0
github.com/bchamber/taskman-mcp/cmd/server/main.go:58.14,59.28 1 0
github.com/bchamber/taskman-mcp/cmd/server/main.go:60.14,61.28 1 0
github.com/bchamber/taskman-mcp/cmd/server/main.go:62.15,63.29 1 0
github.com/bchamber/taskman-mcp/cmd/server/main.go:64.10,65.28 1 0
github.com/bchamber/taskman-mcp/cmd/server/main.go:68.2,75.50 4 0
github.com/bchamber/taskman-mcp/internal/monitoring/monitoring.go:52.38,54.17 2 0
github.com/bchamber/taskman-mcp/internal/monitoring/monitoring.go:54.17,56.3 1 0
github.com/bchamber/taskman-mcp/internal/monitoring/monitoring.go:57.2,57.12 1 0
github.com/bchamber/taskman-mcp/internal/monitoring/monitoring.go:61.50,62.21 1 0
github.com/bchamber/taskman-mcp/internal/monitoring/monitoring.go:62.21,68.3 2 0
github.com/bchamber/taskman-mcp/internal/monitoring/monitoring.go:70.2,73.34 3 0
github.com/bchamber/taskman-mcp/internal/monitoring/monitoring.go:73.34,75.3 1 0
github.com/bchamber/taskman-mcp/internal/monitoring/monitoring.go:77.2,78.16 2 0
github.com/bchamber/taskman-mcp/internal/monitoring/monitoring.go:78.16,80.3 1 0
github.com/bchamber/taskman-mcp/internal/monitoring/monitoring.go:82.2,92.37 3 0
github.com/bchamber/taskman-mcp/internal/monitoring/monitoring.go:92.37,94.3 1 0
github.com/bchamber/taskman-mcp/internal/monitoring/monitoring.go:96.2,96.21 1 0
github.com/bchamber/taskman-mcp/internal/monitoring/monitoring.go:100.28,101.27 1 0
github.com/bchamber/taskman-mcp/internal/monitoring/monitoring.go:101.27,106.3 1 0
github.com/bchamber/taskman-mcp/internal/monitoring/monitoring.go:107.2,107.23 1 0
github.com/bchamber/taskman-mcp/internal/monitoring/monitoring.go:111.55,112.16 1 0
github.com/bchamber/taskman-mcp/internal/monitoring/monitoring.go:112.16,114.3 1 0
github.com/bchamber/taskman-mcp/internal/monitoring/monitoring.go:116.2,119.54 3 0
github.com/bchamber/taskman-mcp/internal/monitoring/monitoring.go:119.54,122.3 2 0
github.com/bchamber/taskman-mcp/internal/monitoring/monitoring.go:122.8,129.3 1 0
github.com/bchamber/taskman-mcp/internal/monitoring/monitoring.go:133.62,134.16 1 0
github.com/bchamber/taskman-mcp/internal/monitoring/monitoring.go:134.16,136.3 1 0
github.com/bchamber/taskman-mcp/internal/monitoring/monitoring.go:138.2,141.54 3 0
github.com/bchamber/taskman-mcp/internal/monitoring/monitoring.go:141.54,144.3 2 0
github.com/bchamber/taskman-mcp/internal/monitoring/monitoring.go:144.8,151.3 1 0
github.com/bchamber/taskman-mcp/internal/monitoring/monitoring.go:155.76,156.16 1 0
github.com/bchamber/taskman-mcp/internal/monitoring/monitoring.go:156.16,158.3 1 0
github.com/bchamber/taskman-mcp/internal/monitoring/monitoring.go:160.2,161.49 2 0
github.com/bchamber/taskman-mcp/internal/monitoring/monitoring.go:165.129,166.16 1 0
github.com/bchamber/taskman-mcp/internal/monitoring/monitoring.go:166.16,168.3 1 0
github.com/bchamber/taskman-mcp/internal/monitoring/monitoring.go:170.2,191.27 5 0
github.com/bchamber/taskman-mcp/internal/monitoring/monitoring.go:191.27,193.3 1 0
github.com/bchamber/taskman-mcp/internal/monitoring/monitoring.go:194.2,222.16 6 0
github.com/bchamber/taskman-mcp/internal/monitoring/monitoring.go:222.16,225.3 2 0
github.com/bchamber/taskman-mcp/internal/monitoring/monitoring.go:227.2,228.12 2 0
github.com/bchamber/taskman-mcp/internal/monitoring/monitoring.go:232.59,233.16 1 0
github.com/bchamber/taskman-mcp/internal/monitoring/monitoring.go:233.16,235.3 1 0
github.com/bchamber/taskman-mcp/internal/monitoring/monitoring.go:237.2,239.30 3 0
github.com/bchamber/taskman-mcp/internal/monitoring/monitoring.go:239.30,247.3 1 0
github.com/bchamber/taskman-mcp/internal/monitoring/monitoring.go:248.2,251.40 3 0
github.com/bchamber/taskman-mcp/internal/monitoring/monitoring.go:251.40,253.32 2 0
github.com/bchamber/taskman-mcp/internal/monitoring/monitoring.go:253.32,255.4 1 0
github.com/bchamber/taskman-mcp/internal/monitoring/monitoring.go:255.9,257.4 1 0
github.com/bchamber/taskman-mcp/internal/monitoring/monitoring.go:259.3,260.17 2 0
github.com/bchamber/taskman-mcp/internal/monitoring/monitoring.go:260.17,262.4 1 0
github.com/bchamber/taskman-mcp/internal/monitoring/monitoring.go:265.2,265.21 1 0
github.com/bchamber/taskman-mcp/internal/monitoring/monitoring.go:265.21,268.3 2 0
github.com/bchamber/taskman-mcp/internal/monitoring/monitoring.go:270.2,271.12 2 0
github.com/bchamber/taskman-mcp/internal/monitoring/monitoring.go:275.62,279.6 3 0
github.com/bchamber/taskman-mcp/internal/monitoring/monitoring.go:279.6,280.10 1 0
github.com/bchamber/taskman-mcp/internal/monitoring/monitoring.go:281.19,283.46 2 0
github.com/bchamber/taskman-mcp/internal/monitoring/monitoring.go:283.46,285.5 1 0
github.com/bchamber/taskman-mcp/internal/monitoring/monitoring.go:286.4,286.12 1 0
github.com/bchamber/taskman-mcp/internal/monitoring/monitoring.go:292.33,293.35 1 0
github.com/bchamber/taskman-mcp/internal/monitoring/monitoring.go:293.35,295.3 1 0
github.com/bchamber/taskman-mcp/internal/monitoring/monitoring.go:298.2,301.44 3 0
github.com/bchamber/taskman-mcp/internal/monitoring/monitoring.go:301.44,303.3 1 0
github.com/bchamber/taskman-mcp/internal/monitoring/monitoring.go:305.2,305.25 1 0
github.com/bchamber/taskman-mcp/internal/monitoring/monitoring.go:309.44,313.2 3 0
github.com/bchamber/taskman-mcp/internal/monitoring/monitoring.go:315.45,319.2 3 0
github.com/bchamber/taskman-mcp/internal/monitoring/monitoring.go:321.68,324.2 2 0
github.com/bchamber/taskman-mcp/internal/monitoring/monitoring.go:326.54,330.2 3 0
github.com/bchamber/taskman-mcp/internal/monitoring/monitoring.go:332.54,336.2 3 0
github.com/bchamber/taskman-mcp/internal/monitoring/monitoring.go:338.40,342.2 3 0
github.com/bchamber/taskman-mcp/internal/monitoring/monitoring.go:344.57,348.2 3 0
github.com/bchamber/taskman-mcp/internal/monitoring/monitoring.go:350.64,353.2 2 0
github.com/bchamber/taskman-mcp/internal/monitoring/monitoring.go:355.35,358.2 2 0
github.com/bchamber/taskman-mcp/internal/monitoring/monitoring.go:360.26,361.60 1 0
github.com/bchamber/taskman-mcp/internal/monitoring/monitoring.go:361.60,363.3 1 0
github.com/bchamber/taskman-mcp/internal/monitoring/monitoring.go:364.2,364.16 1 0
github.com/bchamber/taskman-mcp/internal/config/config.go:22.21,49.2 4 1
github.com/bchamber/taskman-mcp/internal/config/config.go:51.46,52.42 1 1
github.com/bchamber/taskman-mcp/internal/config/config.go:52.42,54.3 1 1
github.com/bchamber/taskman-mcp/internal/config/config.go:55.2,55.21 1 1
github.com/bchamber/taskman-mcp/internal/config/config.go:58.75,59.42 1 1
github.com/bchamber/taskman-mcp/internal/config/config.go:59.42,60.61 1 1
github.com/bchamber/taskman-mcp/internal/config/config.go:60.61,62.4 1 1
github.com/bchamber/taskman-mcp/internal/config/config.go:63.3,67.4 1 1
github.com/bchamber/taskman-mcp/internal/config/config.go:69.2,69.21 1 1
github.com/bchamber/taskman-mcp/internal/client/api_client.go:25.35,27.2 1 1
github.com/bchamber/taskman-mcp/internal/client/api_client.go:29.69,38.2 2 1
github.com/bchamber/taskman-mcp/internal/client/api_client.go:40.75,42.2 1 1
github.com/bchamber/taskman-mcp/internal/client/api_client.go:44.94,46.2 1 1
github.com/bchamber/taskman-mcp/internal/client/api_client.go:48.93,50.2 1 1
github.com/bchamber/taskman-mcp/internal/client/api_client.go:52.78,54.2 1 1
github.com/bchamber/taskman-mcp/internal/client/api_client.go:56.109,62.17 4 1
github.com/bchamber/taskman-mcp/internal/client/api_client.go:62.17,64.17 2 1
github.com/bchamber/taskman-mcp/internal/client/api_client.go:64.17,67.4 2 0
github.com/bchamber/taskman-mcp/internal/client/api_client.go:68.3,69.55 2 1
github.com/bchamber/taskman-mcp/internal/client/api_client.go:72.2,73.16 2 1
github.com/bchamber/taskman-mcp/internal/client/api_client.go:73.16,76.3 2 0
github.com/bchamber/taskman-mcp/internal/client/api_client.go:78.2,78.17 1 1
github.com/bchamber/taskman-mcp/internal/client/api_client.go:78.17,80.3 1 1
github.com/bchamber/taskman-mcp/internal/client/api_client.go:82.2,83.16 2 1
github.com/bchamber/taskman-mcp/internal/client/api_client.go:83.16,86.3 2 1
github.com/bchamber/taskman-mcp/internal/client/api_client.go:87.2,90.16 3 1
github.com/bchamber/taskman-mcp/internal/client/api_client.go:90.16,93.3 2 0
github.com/bchamber/taskman-mcp/internal/client/api_client.go:95.2,100.28 2 1
github.com/bchamber/taskman-mcp/internal/client/api_client.go:100.28,110.3 2 1
github.com/bchamber/taskman-mcp/internal/client/api_client.go:112.2,113.22 2 1
github.com/bchamber/taskman-mcp/internal/prompts/project_prompts.go:12.49,77.2 1 1
github.com/bchamber/taskman-mcp/internal/prompts/project_prompts.go:84.33,92.29 5 1
github.com/bchamber/taskman-mcp/internal/prompts/project_prompts.go:92.29,93.55 1 1
github.com/bchamber/taskman-mcp/internal/prompts/project_prompts.go:93.55,95.4 1 1
github.com/bchamber/taskman-mcp/internal/prompts/project_prompts.go:96.3,96.56 1 1
github.com/bchamber/taskman-mcp/internal/prompts/project_prompts.go:96.56,98.4 1 1
github.com/bchamber/taskman-mcp/internal/prompts/project_prompts.go:99.3,99.50 1 1
github.com/bchamber/taskman-mcp/internal/prompts/project_prompts.go:99.50,101.4 1 1
github.com/bchamber/taskman-mcp/internal/prompts/project_prompts.go:104.2,109.23 2 1
github.com/bchamber/taskman-mcp/internal/prompts/project_prompts.go:109.23,112.3 1 1
github.com/bchamber/taskman-mcp/internal/prompts/project_prompts.go:114.2,114.20 1 1
github.com/bchamber/taskman-mcp/internal/prompts/project_prompts.go:114.20,117.3 1 1
github.com/bchamber/taskman-mcp/internal/prompts/project_prompts.go:119.2,202.21 2 1
github.com/bchamber/taskman-mcp/internal/prompts/project_prompts.go:203.33,223.37 1 1
github.com/bchamber/taskman-mcp/internal/prompts/project_prompts.go:225.18,245.34 1 1
github.com/bchamber/taskman-mcp/internal/prompts/project_prompts.go:247.10,262.39 1 1
github.com/bchamber/taskman-mcp/internal/prompts/project_prompts.go:265.2,338.8 2 1
github.com/bchamber/taskman-mcp/internal/prompts/project_prompts.go:346.33,353.29 4 1
github.com/bchamber/taskman-mcp/internal/prompts/project_prompts.go:353.29,354.51 1 1
github.com/bchamber/taskman-mcp/internal/prompts/project_prompts.go:354.51,356.4 1 1
github.com/bchamber/taskman-mcp/internal/prompts/project_prompts.go:357.3,357.58 1 1
github.com/bchamber/taskman-mcp/internal/prompts/project_prompts.go:357.58,359.4 1 1
github.com/bchamber/taskman-mcp/internal/prompts/project_prompts.go:362.2,453.22 2 1
github.com/bchamber/taskman-mcp/internal/prompts/project_prompts.go:454.15,461.73 1 1
github.com/bchamber/taskman-mcp/internal/prompts/project_prompts.go:463.30,476.80 1 1
github.com/bchamber/taskman-mcp/internal/prompts/project_prompts.go:478.10,485.84 1 1
github.com/bchamber/taskman-mcp/internal/prompts/project_prompts.go:488.2,546.8 2 1
github.com/bchamber/taskman-mcp/internal/prompts/project_prompts.go:554.33,561.29 4 1
github.com/bchamber/taskman-mcp/internal/prompts/project_prompts.go:561.29,562.51 1 1
github.com/bchamber/taskman-mcp/internal/prompts/project_prompts.go:562.51,564.4 1 1
github.com/bchamber/taskman-mcp/internal/prompts/project_prompts.go:565.3,565.61 1 1
github.com/bchamber/taskman-mcp/internal/prompts/project_prompts.go:565.61,567.4 1 1
github.com/bchamber/taskman-mcp/internal/prompts/project_prompts.go:570.2,575.26 2 1
github.com/bchamber/taskman-mcp/internal/prompts/project_prompts.go:575.26,578.3 1 1
github.com/bchamber/taskman-mcp/internal/prompts/project_prompts.go:580.2,794.8 2 1
github.com/bchamber/taskman-mcp/internal/prompts/task_prompts.go:12.46,106.2 1 1
github.com/bchamber/taskman-mcp/internal/prompts/task_prompts.go:113.33,121.29 5 1
github.com/bchamber/taskman-mcp/internal/prompts/task_prompts.go:121.29,122.52 1 1
github.com/bchamber/taskman-mcp/internal/prompts/task_prompts.go:122.52,124.4 1 1
github.com/bchamber/taskman-mcp/internal/prompts/task_prompts.go:125.3,125.61 1 1
github.com/bchamber/taskman-mcp/internal/prompts/task_prompts.go:125.61,127.4 1 1
github.com/bchamber/taskman-mcp/internal/prompts/task_prompts.go:128.3,128.53 1 1
github.com/bchamber/taskman-mcp/internal/prompts/task_prompts.go:128.53,130.4 1 1
github.com/bchamber/taskman-mcp/internal/prompts/task_prompts.go:134.2,140.26 2 1
github.com/bchamber/taskman-mcp/internal/prompts/task_prompts.go:140.26,143.3 1 1
github.com/bchamber/taskman-mcp/internal/prompts/task_prompts.go:145.2,175.20 2 1
github.com/bchamber/taskman-mcp/internal/prompts/task_prompts.go:176.16,181.47 1 0
github.com/bchamber/taskman-mcp/internal/prompts/task_prompts.go:183.17,189.54 1 1
github.com/bchamber/taskman-mcp/internal/prompts/task_prompts.go:191.10,196.48 1 1
github.com/bchamber/taskman-mcp/internal/prompts/task_prompts.go:199.2,228.8 2 1
github.com/bchamber/taskman-mcp/internal/prompts/task_prompts.go:236.33,244.29 5 1
github.com/bchamber/taskman-mcp/internal/prompts/task_prompts.go:244.29,245.48 1 1
github.com/bchamber/taskman-mcp/internal/prompts/task_prompts.go:245.48,247.4 1 1
github.com/bchamber/taskman-mcp/internal/prompts/task_prompts.go:248.3,248.60 1 1
github.com/bchamber/taskman-mcp/internal/prompts/task_prompts.go:248.60,250.4 1 1
github.com/bchamber/taskman-mcp/internal/prompts/task_prompts.go:251.3,251.56 1 1
github.com/bchamber/taskman-mcp/internal/prompts/task_prompts.go:251.56,253.4 1 1
github.com/bchamber/taskman-mcp/internal/prompts/task_prompts.go:256.2,272.19 2 1
github.com/bchamber/taskman-mcp/internal/prompts/task_prompts.go:273.21,284.48 1 1
github.com/bchamber/taskman-mcp/internal/prompts/task_prompts.go:286.17,297.53 1 1
github.com/bchamber/taskman-mcp/internal/prompts/task_prompts.go:299.16,311.51 1 1
github.com/bchamber/taskman-mcp/internal/prompts/task_prompts.go:313.18,325.50 1 1
github.com/bchamber/taskman-mcp/internal/prompts/task_prompts.go:327.10,333.59 1 1
github.com/bchamber/taskman-mcp/internal/prompts/task_prompts.go:336.2,375.8 2 1
github.com/bchamber/taskman-mcp/internal/prompts/task_prompts.go:383.33,390.29 4 1
github.com/bchamber/taskman-mcp/internal/prompts/task_prompts.go:390.29,391.48 1 1
github.com/bchamber/taskman-mcp/internal/prompts/task_prompts.go:391.48,393.4 1 1
github.com/bchamber/taskman-mcp/internal/prompts/task_prompts.go:394.3,394.58 1 1
github.com/bchamber/taskman-mcp/internal/prompts/task_prompts.go:394.58,396.4 1 1
github.com/bchamber/taskman-mcp/internal/prompts/task_prompts.go:399.2,404.26 2 1
github.com/bchamber/taskman-mcp/internal/prompts/task_prompts.go:404.26,407.3 1 1
github.com/bchamber/taskman-mcp/internal/prompts/task_prompts.go:409.2,500.8 2 1
github.com/bchamber/taskman-mcp/internal/prompts/task_prompts.go:508.33,516.29 5 1
github.com/bchamber/taskman-mcp/internal/prompts/task_prompts.go:516.29,517.54 1 1
github.com/bchamber/taskman-mcp/internal/prompts/task_prompts.go:517.54,519.4 1 1
github.com/bchamber/taskman-mcp/internal/prompts/task_prompts.go:520.3,520.51 1 1
github.com/bchamber/taskman-mcp/internal/prompts/task_prompts.go:520.51,522.4 1 1
github.com/bchamber/taskman-mcp/internal/prompts/task_prompts.go:523.3,523.52 1 1
github.com/bchamber/taskman-mcp/internal/prompts/task_prompts.go:523.52,525.4 1 1
github.com/bchamber/taskman-mcp/internal/prompts/task_prompts.go:528.2,533.20 2 1
github.com/bchamber/taskman-mcp/internal/prompts/task_prompts.go:533.20,536.3 1 1
github.com/bchamber/taskman-mcp/internal/prompts/task_prompts.go:538.2,578.18 2 1
github.com/bchamber/taskman-mcp/internal/prompts/task_prompts.go:579.11,585.61 1 1
github.com/bchamber/taskman-mcp/internal/prompts/task_prompts.go:587.10,594.69 1 1
github.com/bchamber/taskman-mcp/internal/prompts/task_prompts.go:597.2,668.8 2 1
github.com/bchamber/taskman-mcp/internal/prompts/workflow_prompts.go:12.50,77.2 1 1
github.com/bchamber/taskman-mcp/internal/prompts/workflow_prompts.go:84.33,91.29 4 1
github.com/bchamber/taskman-mcp/internal/prompts/workflow_prompts.go:91.29,92.50 1 1
github.com/bchamber/taskman-mcp/internal/prompts/workflow_prompts.go:92.50,94.4 1 1
github.com/bchamber/taskman-mcp/internal/prompts/workflow_prompts.go:95.3,95.56 1 1
github.com/bchamber/taskman-mcp/internal/prompts/workflow_prompts.go:95.56,97.4 1 1
github.com/bchamber/taskman-mcp/internal/prompts/workflow_prompts.go:100.2,170.21 2 1
github.com/bchamber/taskman-mcp/internal/prompts/workflow_prompts.go:171.14,184.76 1 1
github.com/bchamber/taskman-mcp/internal/prompts/workflow_prompts.go:186.20,199.71 1 1
github.com/bchamber/taskman-mcp/internal/prompts/workflow_prompts.go:201.10,214.59 1 1
github.com/bchamber/taskman-mcp/internal/prompts/workflow_prompts.go:217.2,261.8 2 1
github.com/bchamber/taskman-mcp/internal/prompts/workflow_prompts.go:269.33,276.29 4 1
github.com/bchamber/taskman-mcp/internal/prompts/workflow_prompts.go:276.29,277.50 1 1
github.com/bchamber/taskman-mcp/internal/prompts/workflow_prompts.go:277.50,279.4 1 1
github.com/bchamber/taskman-mcp/internal/prompts/workflow_prompts.go:280.3,280.62 1 1
github.com/bchamber/taskman-mcp/internal/prompts/workflow_prompts.go:280.62,282.4 1 1
github.com/bchamber/taskman-mcp/internal/prompts/workflow_prompts.go:285.2,358.25 2 1
github.com/bchamber/taskman-mcp/internal/prompts/workflow_prompts.go:359.19,367.70 1 1
github.com/bchamber/taskman-mcp/internal/prompts/workflow_prompts.go:369.18,377.77 1 1
github.com/bchamber/taskman-mcp/internal/prompts/workflow_prompts.go:379.10,387.65 1 1
github.com/bchamber/taskman-mcp/internal/prompts/workflow_prompts.go:390.2,516.8 2 1
github.com/bchamber/taskman-mcp/internal/prompts/workflow_prompts.go:524.33,532.29 5 1
github.com/bchamber/taskman-mcp/internal/prompts/workflow_prompts.go:532.29,533.48 1 1
github.com/bchamber/taskman-mcp/internal/prompts/workflow_prompts.go:533.48,535.4 1 1
github.com/bchamber/taskman-mcp/internal/prompts/workflow_prompts.go:536.3,536.52 1 1
github.com/bchamber/taskman-mcp/internal/prompts/workflow_prompts.go:536.52,538.4 1 1
github.com/bchamber/taskman-mcp/internal/prompts/workflow_prompts.go:539.3,539.48 1 1
github.com/bchamber/taskman-mcp/internal/prompts/workflow_prompts.go:539.48,541.4 1 1
github.com/bchamber/taskman-mcp/internal/prompts/workflow_prompts.go:544.2,769.8 2 1
github.com/bchamber/taskman-mcp/internal/resources/dashboard_resources.go:22.77,26.2 1 1
github.com/bchamber/taskman-mcp/internal/resources/dashboard_resources.go:33.36,38.16 3 1
github.com/bchamber/taskman-mcp/internal/resources/dashboard_resources.go:38.16,41.3 2 1
github.com/bchamber/taskman-mcp/internal/resources/dashboard_resources.go:43.2,44.58 2 1
github.com/bchamber/taskman-mcp/internal/resources/dashboard_resources.go:44.58,47.3 2 0
github.com/bchamber/taskman-mcp/internal/resources/dashboard_resources.go:50.2,51.16 2 1
github.com/bchamber/taskman-mcp/internal/resources/dashboard_resources.go:51.16,54.3 2 0
github.com/bchamber/taskman-mcp/internal/resources/dashboard_resources.go:56.2,57.64 2 1
github.com/bchamber/taskman-mcp/internal/resources/dashboard_resources.go:57.64,60.3 2 0
github.com/bchamber/taskman-mcp/internal/resources/dashboard_resources.go:63.2,75.8 3 1
github.com/bchamber/taskman-mcp/internal/resources/dashboard_resources.go:83.36,88.114 3 1
github.com/bchamber/taskman-mcp/internal/resources/dashboard_resources.go:88.114,90.3 1 1
github.com/bchamber/taskman-mcp/internal/resources/dashboard_resources.go:91.2,93.18 2 1
github.com/bchamber/taskman-mcp/internal/resources/dashboard_resources.go:93.18,95.3 1 1
github.com/bchamber/taskman-mcp/internal/resources/dashboard_resources.go:98.2,99.16 2 1
github.com/bchamber/taskman-mcp/internal/resources/dashboard_resources.go:99.16,102.3 2 0
github.com/bchamber/taskman-mcp/internal/resources/dashboard_resources.go:104.2,105.58 2 1
github.com/bchamber/taskman-mcp/internal/resources/dashboard_resources.go:105.58,108.3 2 0
github.com/bchamber/taskman-mcp/internal/resources/dashboard_resources.go:111.2,112.16 2 1
github.com/bchamber/taskman-mcp/internal/resources/dashboard_resources.go:112.16,114.3 1 0
github.com/bchamber/taskman-mcp/internal/resources/dashboard_resources.go:116.2,117.29 2 1
github.com/bchamber/taskman-mcp/internal/resources/dashboard_resources.go:117.29,118.73 1 1
github.com/bchamber/taskman-mcp/internal/resources/dashboard_resources.go:118.73,120.4 1 0
github.com/bchamber/taskman-mcp/internal/resources/dashboard_resources.go:124.2,136.8 3 1
github.com/bchamber/taskman-mcp/internal/resources/dashboard_resources.go:144.36,149.117 3 1
github.com/bchamber/taskman-mcp/internal/resources/dashboard_resources.go:149.117,151.3 1 1
github.com/bchamber/taskman-mcp/internal/resources/dashboard_resources.go:152.2,154.21 2 1
github.com/bchamber/taskman-mcp/internal/resources/dashboard_resources.go:154.21,156.3 1 1
github.com/bchamber/taskman-mcp/internal/resources/dashboard_resources.go:159.2,160.16 2 1
github.com/bchamber/taskman-mcp/internal/resources/dashboard_resources.go:160.16,163.3 2 0
github.com/bchamber/taskman-mcp/internal/resources/dashboard_resources.go:165.2,166.62 2 1
github.com/bchamber/taskman-mcp/internal/resources/dashboard_resources.go:166.62,169.3 2 0
github.com/bchamber/taskman-mcp/internal/resources/dashboard_resources.go:172.2,173.16 2 1
github.com/bchamber/taskman-mcp/internal/resources/dashboard_resources.go:173.16,176.3 2 0
github.com/bchamber/taskman-mcp/internal/resources/dashboard_resources.go:178.2,179.58 2 1
github.com/bchamber/taskman-mcp/internal/resources/dashboard_resources.go:179.58,182.3 2 0
github.com/bchamber/taskman-mcp/internal/resources/dashboard_resources.go:185.2,197.8 3 1
github.com/bchamber/taskman-mcp/internal/resources/dashboard_resources.go:201.76,212.20 7 1
github.com/bchamber/taskman-mcp/internal/resources/dashboard_resources.go:212.20,222.30 7 1
github.com/bchamber/taskman-mcp/internal/resources/dashboard_resources.go:222.30,225.28 2 1
github.com/bchamber/taskman-mcp/internal/resources/dashboard_resources.go:225.28,227.5 1 1
github.com/bchamber/taskman-mcp/internal/resources/dashboard_resources.go:227.10,229.5 1 0
github.com/bchamber/taskman-mcp/internal/resources/dashboard_resources.go:231.4,231.30 1 1
github.com/bchamber/taskman-mcp/internal/resources/dashboard_resources.go:231.30,233.5 1 1
github.com/bchamber/taskman-mcp/internal/resources/dashboard_resources.go:233.10,235.5 1 1
github.com/bchamber/taskman-mcp/internal/resources/dashboard_resources.go:237.4,237.33 1 1
github.com/bchamber/taskman-mcp/internal/resources/dashboard_resources.go:237.33,239.5 1 1
github.com/bchamber/taskman-mcp/internal/resources/dashboard_resources.go:242.4,242.56 1 1
github.com/bchamber/taskman-mcp/internal/resources/dashboard_resources.go:242.56,243.76 1 1
github.com/bchamber/taskman-mcp/internal/resources/dashboard_resources.go:243.76,244.29 1 1
github.com/bchamber/taskman-mcp/internal/resources/dashboard_resources.go:244.29,246.7 1 1
github.com/bchamber/taskman-mcp/internal/resources/dashboard_resources.go:251.3,257.43 5 1
github.com/bchamber/taskman-mcp/internal/resources/dashboard_resources.go:257.43,260.4 2 1
github.com/bchamber/taskman-mcp/internal/resources/dashboard_resources.go:263.3,264.47 2 1
github.com/bchamber/taskman-mcp/internal/resources/dashboard_resources.go:264.47,267.4 2 1
github.com/bchamber/taskman-mcp/internal/resources/dashboard_resources.go:270.3,275.43 3 1
github.com/bchamber/taskman-mcp/internal/resources/dashboard_resources.go:275.43,280.4 1 1
github.com/bchamber/taskman-mcp/internal/resources/dashboard_resources.go:283.3,283.42 1 1
github.com/bchamber/taskman-mcp/internal/resources/dashboard_resources.go:283.42,284.47 1 1
github.com/bchamber/taskman-mcp/internal/resources/dashboard_resources.go:284.47,285.54 1 1
github.com/bchamber/taskman-mcp/internal/resources/dashboard_resources.go:285.54,287.6 1 0
github.com/bchamber/taskman-mcp/internal/resources/dashboard_resources.go:291.3,292.23 2 1
github.com/bchamber/taskman-mcp/internal/resources/dashboard_resources.go:292.23,294.4 1 0
github.com/bchamber/taskman-mcp/internal/resources/dashboard_resources.go:296.3,296.37 1 1
github.com/bchamber/taskman-mcp/internal/resources/dashboard_resources.go:296.37,299.4 2 1
github.com/bchamber/taskman-mcp/internal/resources/dashboard_resources.go:302.3,302.21 1 1
github.com/bchamber/taskman-mcp/internal/resources/dashboard_resources.go:302.21,305.23 3 1
github.com/bchamber/taskman-mcp/internal/resources/dashboard_resources.go:305.23,307.5 1 0
github.com/bchamber/taskman-mcp/internal/resources/dashboard_resources.go:309.4,309.37 1 1
github.com/bchamber/taskman-mcp/internal/resources/dashboard_resources.go:309.37,312.31 3 1
github.com/bchamber/taskman-mcp/internal/resources/dashboard_resources.go:312.31,314.6 1 1
github.com/bchamber/taskman-mcp/internal/resources/dashboard_resources.go:315.5,316.63 1 1
github.com/bchamber/taskman-mcp/internal/resources/dashboard_resources.go:322.2,322.23 1 1
github.com/bchamber/taskman-mcp/internal/resources/dashboard_resources.go:322.23,325.23 3 1
github.com/bchamber/taskman-mcp/internal/resources/dashboard_resources.go:325.23,327.4 1 0
github.com/bchamber/taskman-mcp/internal/resources/dashboard_resources.go:329.3,329.37 1 1
github.com/bchamber/taskman-mcp/internal/resources/dashboard_resources.go:329.37,333.4 2 1
github.com/bchamber/taskman-mcp/internal/resources/dashboard_resources.go:336.2,336.26 1 1
github.com/bchamber/taskman-mcp/internal/resources/dashboard_resources.go:340.98,351.28 7 1
github.com/bchamber/taskman-mcp/internal/resources/dashboard_resources.go:351.28,360.38 6 1
github.com/bchamber/taskman-mcp/internal/resources/dashboard_resources.go:360.38,363.28 2 1
github.com/bchamber/taskman-mcp/internal/resources/dashboard_resources.go:363.28,365.5 1 1
github.com/bchamber/taskman-mcp/internal/resources/dashboard_resources.go:365.10,367.5 1 0
github.com/bchamber/taskman-mcp/internal/resources/dashboard_resources.go:369.4,369.33 1 1
github.com/bchamber/taskman-mcp/internal/resources/dashboard_resources.go:369.33,371.5 1 0
github.com/bchamber/taskman-mcp/internal/resources/dashboard_resources.go:374.4,374.56 1 1
github.com/bchamber/taskman-mcp/internal/resources/dashboard_resources.go:374.56,375.76 1 1
github.com/bchamber/taskman-mcp/internal/resources/dashboard_resources.go:375.76,376.29 1 1
github.com/bchamber/taskman-mcp/internal/resources/dashboard_resources.go:376.29,378.7 1 1
github.com/bchamber/taskman-mcp/internal/resources/dashboard_resources.go:383.3,389.43 5 1
github.com/bchamber/taskman-mcp/internal/resources/dashboard_resources.go:389.43,391.4 1 1
github.com/bchamber/taskman-mcp/internal/resources/dashboard_resources.go:394.3,395.47 2 1
github.com/bchamber/taskman-mcp/internal/resources/dashboard_resources.go:395.47,397.4 1 1
github.com/bchamber/taskman-mcp/internal/resources/dashboard_resources.go:400.3,402.38 3 1
github.com/bchamber/taskman-mcp/internal/resources/dashboard_resources.go:402.38,403.91 1 1
github.com/bchamber/taskman-mcp/internal/resources/dashboard_resources.go:403.91,405.5 1 1
github.com/bchamber/taskman-mcp/internal/resources/dashboard_resources.go:408.3,408.27 1 1
github.com/bchamber/taskman-mcp/internal/resources/dashboard_resources.go:408.27,411.37 2 1
github.com/bchamber/taskman-mcp/internal/resources/dashboard_resources.go:411.37,413.29 2 1
github.com/bchamber/taskman-mcp/internal/resources/dashboard_resources.go:413.29,415.6 1 1
github.com/bchamber/taskman-mcp/internal/resources/dashboard_resources.go:417.5,418.28 2 1
github.com/bchamber/taskman-mcp/internal/resources/dashboard_resources.go:418.28,420.6 1 1
github.com/bchamber/taskman-mcp/internal/resources/dashboard_resources.go:422.5,423.53 1 1
github.com/bchamber/taskman-mcp/internal/resources/dashboard_resources.go:425.9,427.4 1 0
github.com/bchamber/taskman-mcp/internal/resources/dashboard_resources.go:430.3,431.38 2 1
github.com/bchamber/taskman-mcp/internal/resources/dashboard_resources.go:431.38,432.56 1 1
github.com/bchamber/taskman-mcp/internal/resources/dashboard_resources.go:432.56,433.76 1 1
github.com/bchamber/taskman-mcp/internal/resources/dashboard_resources.go:433.76,435.68 1 1
github.com/bchamber/taskman-mcp/internal/resources/dashboard_resources.go:435.68,437.7 1 0
github.com/bchamber/taskman-mcp/internal/resources/dashboard_resources.go:442.3,442.29 1 1
github.com/bchamber/taskman-mcp/internal/resources/dashboard_resources.go:442.29,444.39 2 0
github.com/bchamber/taskman-mcp/internal/resources/dashboard_resources.go:444.39,446.29 2 0
github.com/bchamber/taskman-mcp/internal/resources/dashboard_resources.go:446.29,448.6 1 0
github.com/bchamber/taskman-mcp/internal/resources/dashboard_resources.go:449.5,450.59 1 0
github.com/bchamber/taskman-mcp/internal/resources/dashboard_resources.go:453.8,455.3 1 0
github.com/bchamber/taskman-mcp/internal/resources/dashboard_resources.go:457.2,457.26 1 1
github.com/bchamber/taskman-mcp/internal/resources/dashboard_resources.go:461.74,469.76 6 1
github.com/bchamber/taskman-mcp/internal/resources/dashboard_resources.go:469.76,471.3 1 1
github.com/bchamber/taskman-mcp/internal/resources/dashboard_resources.go:474.2,477.20 3 1
github.com/bchamber/taskman-mcp/internal/resources/dashboard_resources.go:477.20,487.30 7 1
github.com/bchamber/taskman-mcp/internal/resources/dashboard_resources.go:487.30,490.28 2 1
github.com/bchamber/taskman-mcp/internal/resources/dashboard_resources.go:490.28,492.5 1 1
github.com/bchamber/taskman-mcp/internal/resources/dashboard_resources.go:492.10,494.5 1 0
github.com/bchamber/taskman-mcp/internal/resources/dashboard_resources.go:496.4,496.30 1 1
github.com/bchamber/taskman-mcp/internal/resources/dashboard_resources.go:496.30,498.5 1 1
github.com/bchamber/taskman-mcp/internal/resources/dashboard_resources.go:498.10,500.5 1 0
github.com/bchamber/taskman-mcp/internal/resources/dashboard_resources.go:502.4,502.33 1 1
github.com/bchamber/taskman-mcp/internal/resources/dashboard_resources.go:502.33,504.5 1 1
github.com/bchamber/taskman-mcp/internal/resources/dashboard_resources.go:507.4,507.56 1 1
github.com/bchamber/taskman-mcp/internal/resources/dashboard_resources.go:507.56,508.76 1 1
github.com/bchamber/taskman-mcp/internal/resources/dashboard_resources.go:508.76,509.29 1 1
github.com/bchamber/taskman-mcp/internal/resources/dashboard_resources.go:509.29,511.7 1 1
github.com/bchamber/taskman-mcp/internal/resources/dashboard_resources.go:516.3,522.43 5 1
github.com/bchamber/taskman-mcp/internal/resources/dashboard_resources.go:522.43,525.4 2 1
github.com/bchamber/taskman-mcp/internal/resources/dashboard_resources.go:528.3,529.47 2 1
github.com/bchamber/taskman-mcp/internal/resources/dashboard_resources.go:529.47,531.4 1 1
github.com/bchamber/taskman-mcp/internal/resources/dashboard_resources.go:534.3,535.47 2 1
github.com/bchamber/taskman-mcp/internal/resources/dashboard_resources.go:535.47,537.4 1 1
github.com/bchamber/taskman-mcp/internal/resources/dashboard_resources.go:540.3,541.30 2 1
github.com/bchamber/taskman-mcp/internal/resources/dashboard_resources.go:541.30,542.33 1 1
github.com/bchamber/taskman-mcp/internal/resources/dashboard_resources.go:542.33,546.28 3 1
github.com/bchamber/taskman-mcp/internal/resources/dashboard_resources.go:546.28,547.77 1 1
github.com/bchamber/taskman-mcp/internal/resources/dashboard_resources.go:547.77,549.7 1 1
github.com/bchamber/taskman-mcp/internal/resources/dashboard_resources.go:552.5,552.36 1 1
github.com/bchamber/taskman-mcp/internal/resources/dashboard_resources.go:552.36,554.6 1 1
github.com/bchamber/taskman-mcp/internal/resources/dashboard_resources.go:558.3,558.29 1 1
github.com/bchamber/taskman-mcp/internal/resources/dashboard_resources.go:558.29,560.39 2 1
github.com/bchamber/taskman-mcp/internal/resources/dashboard_resources.go:560.39,562.31 2 1
github.com/bchamber/taskman-mcp/internal/resources/dashboard_resources.go:562.31,564.6 1 1
github.com/bchamber/taskman-mcp/internal/resources/dashboard_resources.go:566.5,567.29 2 1
github.com/bchamber/taskman-mcp/internal/resources/dashboard_resources.go:567.29,569.6 1 1
github.com/bchamber/taskman-mcp/internal/resources/dashboard_resources.go:571.5,572.28 2 1
github.com/bchamber/taskman-mcp/internal/resources/dashboard_resources.go:572.28,574.6 1 1
github.com/bchamber/taskman-mcp/internal/resources/dashboard_resources.go:576.5,577.63 1 1
github.com/bchamber/taskman-mcp/internal/resources/dashboard_resources.go:582.3,584.22 3 1
github.com/bchamber/taskman-mcp/internal/resources/dashboard_resources.go:584.22,586.4 1 0
github.com/bchamber/taskman-mcp/internal/resources/dashboard_resources.go:588.3,588.36 1 1
github.com/bchamber/taskman-mcp/internal/resources/dashboard_resources.go:588.36,591.30 3 1
github.com/bchamber/taskman-mcp/internal/resources/dashboard_resources.go:591.30,593.5 1 1
github.com/bchamber/taskman-mcp/internal/resources/dashboard_resources.go:594.4,595.62 1 1
github.com/bchamber/taskman-mcp/internal/resources/dashboard_resources.go:598.3,598.21 1 1
github.com/bchamber/taskman-mcp/internal/resources/dashboard_resources.go:598.21,600.4 1 0
github.com/bchamber/taskman-mcp/internal/resources/dashboard_resources.go:601.8,603.3 1 0
github.com/bchamber/taskman-mcp/internal/resources/dashboard_resources.go:605.2,605.26 1 1
github.com/bchamber/taskman-mcp/internal/resources/project_resources.go:21.73,25.2 1 1
github.com/bchamber/taskman-mcp/internal/resources/project_resources.go:32.36,37.20 3 1
github.com/bchamber/taskman-mcp/internal/resources/project_resources.go:37.20,39.3 1 0
github.com/bchamber/taskman-mcp/internal/resources/project_resources.go:40.2,42.21 2 1
github.com/bchamber/taskman-mcp/internal/resources/project_resources.go:42.21,44.3 1 1
github.com/bchamber/taskman-mcp/internal/resources/project_resources.go:47.2,48.16 2 1
github.com/bchamber/taskman-mcp/internal/resources/project_resources.go:48.16,51.3 2 1
github.com/bchamber/taskman-mcp/internal/resources/project_resources.go:53.2,54.62 2 1
github.com/bchamber/taskman-mcp/internal/resources/project_resources.go:54.62,57.3 2 0
github.com/bchamber/taskman-mcp/internal/resources/project_resources.go:60.2,61.16 2 1
github.com/bchamber/taskman-mcp/internal/resources/project_resources.go:61.16,64.3 1 0
github.com/bchamber/taskman-mcp/internal/resources/project_resources.go:66.2,67.22 2 1
github.com/bchamber/taskman-mcp/internal/resources/project_resources.go:67.22,68.59 1 1
github.com/bchamber/taskman-mcp/internal/resources/project_resources.go:68.59,70.4 1 0
github.com/bchamber/taskman-mcp/internal/resources/project_resources.go:74.2,86.8 3 1
github.com/bchamber/taskman-mcp/internal/resources/project_resources.go:94.36,99.16 3 1
github.com/bchamber/taskman-mcp/internal/resources/project_resources.go:99.16,102.3 2 0
github.com/bchamber/taskman-mcp/internal/resources/project_resources.go:104.2,105.64 2 1
github.com/bchamber/taskman-mcp/internal/resources/project_resources.go:105.64,108.3 2 0
github.com/bchamber/taskman-mcp/internal/resources/project_resources.go:111.2,123.8 3 1
github.com/bchamber/taskman-mcp/internal/resources/project_resources.go:131.36,136.20 3 1
github.com/bchamber/taskman-mcp/internal/resources/project_resources.go:136.20,138.3 1 0
github.com/bchamber/taskman-mcp/internal/resources/project_resources.go:139.2,141.21 2 1
github.com/bchamber/taskman-mcp/internal/resources/project_resources.go:141.21,143.3 1 1
github.com/bchamber/taskman-mcp/internal/resources/project_resources.go:146.2,147.16 2 1
github.com/bchamber/taskman-mcp/internal/resources/project_resources.go:147.16,150.3 2 1
github.com/bchamber/taskman-mcp/internal/resources/project_resources.go:152.2,153.62 2 1
github.com/bchamber/taskman-mcp/internal/resources/project_resources.go:153.62,156.3 2 0
github.com/bchamber/taskman-mcp/internal/resources/project_resources.go:159.2,160.16 2 1
github.com/bchamber/taskman-mcp/internal/resources/project_resources.go:160.16,163.3 2 0
github.com/bchamber/taskman-mcp/internal/resources/project_resources.go:165.2,166.58 2 1
github.com/bchamber/taskman-mcp/internal/resources/project_resources.go:166.58,169.3 2 0
github.com/bchamber/taskman-mcp/internal/resources/project_resources.go:172.2,184.8 3 1
github.com/bchamber/taskman-mcp/internal/resources/project_resources.go:188.73,196.76 6 1
github.com/bchamber/taskman-mcp/internal/resources/project_resources.go:196.76,198.3 1 1
github.com/bchamber/taskman-mcp/internal/resources/project_resources.go:200.2,203.20 3 1
github.com/bchamber/taskman-mcp/internal/resources/project_resources.go:203.20,209.30 4 1
github.com/bchamber/taskman-mcp/internal/resources/project_resources.go:209.30,212.28 2 1
github.com/bchamber/taskman-mcp/internal/resources/project_resources.go:212.28,214.5 1 1
github.com/bchamber/taskman-mcp/internal/resources/project_resources.go:214.10,216.5 1 0
github.com/bchamber/taskman-mcp/internal/resources/project_resources.go:218.4,218.33 1 1
github.com/bchamber/taskman-mcp/internal/resources/project_resources.go:218.33,220.5 1 1
github.com/bchamber/taskman-mcp/internal/resources/project_resources.go:224.3,228.43 4 1
github.com/bchamber/taskman-mcp/internal/resources/project_resources.go:228.43,230.4 1 1
github.com/bchamber/taskman-mcp/internal/resources/project_resources.go:232.3,233.47 2 1
github.com/bchamber/taskman-mcp/internal/resources/project_resources.go:233.47,235.4 1 1
github.com/bchamber/taskman-mcp/internal/resources/project_resources.go:238.3,240.24 3 1
github.com/bchamber/taskman-mcp/internal/resources/project_resources.go:240.24,242.4 1 0
github.com/bchamber/taskman-mcp/internal/resources/project_resources.go:244.3,244.37 1 1
github.com/bchamber/taskman-mcp/internal/resources/project_resources.go:244.37,247.30 3 1
github.com/bchamber/taskman-mcp/internal/resources/project_resources.go:247.30,249.5 1 1
github.com/bchamber/taskman-mcp/internal/resources/project_resources.go:251.4,252.28 2 1
github.com/bchamber/taskman-mcp/internal/resources/project_resources.go:252.28,254.5 1 1
github.com/bchamber/taskman-mcp/internal/resources/project_resources.go:256.4,256.113 1 1
github.com/bchamber/taskman-mcp/internal/resources/project_resources.go:259.3,259.22 1 1
github.com/bchamber/taskman-mcp/internal/resources/project_resources.go:259.22,261.4 1 0
github.com/bchamber/taskman-mcp/internal/resources/project_resources.go:262.8,264.3 1 0
github.com/bchamber/taskman-mcp/internal/resources/project_resources.go:266.2,266.26 1 1
github.com/bchamber/taskman-mcp/internal/resources/project_resources.go:270.63,276.24 4 1
github.com/bchamber/taskman-mcp/internal/resources/project_resources.go:276.24,279.3 2 0
github.com/bchamber/taskman-mcp/internal/resources/project_resources.go:282.2,283.35 2 1
github.com/bchamber/taskman-mcp/internal/resources/project_resources.go:283.35,285.3 1 1
github.com/bchamber/taskman-mcp/internal/resources/project_resources.go:287.2,288.44 2 1
github.com/bchamber/taskman-mcp/internal/resources/project_resources.go:288.44,290.3 1 1
github.com/bchamber/taskman-mcp/internal/resources/project_resources.go:293.2,294.35 2 1
github.com/bchamber/taskman-mcp/internal/resources/project_resources.go:294.35,298.77 2 1
github.com/bchamber/taskman-mcp/internal/resources/project_resources.go:298.77,301.23 2 1
github.com/bchamber/taskman-mcp/internal/resources/project_resources.go:301.23,303.5 1 0
github.com/bchamber/taskman-mcp/internal/resources/project_resources.go:304.4,304.55 1 1
github.com/bchamber/taskman-mcp/internal/resources/project_resources.go:306.3,306.29 1 1
github.com/bchamber/taskman-mcp/internal/resources/project_resources.go:309.2,309.26 1 1
github.com/bchamber/taskman-mcp/internal/resources/project_resources.go:313.70,320.21 5 1
github.com/bchamber/taskman-mcp/internal/resources/project_resources.go:320.21,323.3 2 0
github.com/bchamber/taskman-mcp/internal/resources/project_resources.go:326.2,327.29 2 1
github.com/bchamber/taskman-mcp/internal/resources/project_resources.go:327.29,329.3 1 1
github.com/bchamber/taskman-mcp/internal/resources/project_resources.go:332.2,334.37 2 1
github.com/bchamber/taskman-mcp/internal/resources/project_resources.go:334.37,336.27 2 1
github.com/bchamber/taskman-mcp/internal/resources/project_resources.go:336.27,339.37 2 1
github.com/bchamber/taskman-mcp/internal/resources/project_resources.go:339.37,341.31 2 1
github.com/bchamber/taskman-mcp/internal/resources/project_resources.go:341.31,343.6 1 1
github.com/bchamber/taskman-mcp/internal/resources/project_resources.go:345.5,346.29 2 1
github.com/bchamber/taskman-mcp/internal/resources/project_resources.go:346.29,348.6 1 1
github.com/bchamber/taskman-mcp/internal/resources/project_resources.go:350.5,351.28 2 1
github.com/bchamber/taskman-mcp/internal/resources/project_resources.go:351.28,353.6 1 0
github.com/bchamber/taskman-mcp/internal/resources/project_resources.go:355.5,358.67 2 1
github.com/bchamber/taskman-mcp/internal/resources/project_resources.go:358.67,361.25 2 0
github.com/bchamber/taskman-mcp/internal/resources/project_resources.go:361.25,363.7 1 0
github.com/bchamber/taskman-mcp/internal/resources/project_resources.go:364.6,364.57 1 0
github.com/bchamber/taskman-mcp/internal/resources/project_resources.go:366.5,366.31 1 1
github.com/bchamber/taskman-mcp/internal/resources/project_resources.go:371.2,371.26 1 1
github.com/bchamber/taskman-mcp/internal/resources/task_resources.go:21.67,25.2 1 1
github.com/bchamber/taskman-mcp/internal/resources/task_resources.go:72.36,77.20 3 1
github.com/bchamber/taskman-mcp/internal/resources/task_resources.go:77.20,79.3 1 0
github.com/bchamber/taskman-mcp/internal/resources/task_resources.go:80.2,82.18 2 1
github.com/bchamber/taskman-mcp/internal/resources/task_resources.go:82.18,84.3 1 1
github.com/bchamber/taskman-mcp/internal/resources/task_resources.go:87.2,88.16 2 1
github.com/bchamber/taskman-mcp/internal/resources/task_resources.go:88.16,91.3 2 1
github.com/bchamber/taskman-mcp/internal/resources/task_resources.go:93.2,94.56 2 1
github.com/bchamber/taskman-mcp/internal/resources/task_resources.go:94.56,97.3 2 0
github.com/bchamber/taskman-mcp/internal/resources/task_resources.go:100.2,101.16 2 1
github.com/bchamber/taskman-mcp/internal/resources/task_resources.go:101.16,104.3 1 0
github.com/bchamber/taskman-mcp/internal/resources/task_resources.go:106.2,107.22 2 1
github.com/bchamber/taskman-mcp/internal/resources/task_resources.go:107.22,108.59 1 1
github.com/bchamber/taskman-mcp/internal/resources/task_resources.go:108.59,110.4 1 0
github.com/bchamber/taskman-mcp/internal/resources/task_resources.go:114.2,115.52 2 1
github.com/bchamber/taskman-mcp/internal/resources/task_resources.go:115.52,117.17 2 1
github.com/bchamber/taskman-mcp/internal/resources/task_resources.go:117.17,119.4 1 0
github.com/bchamber/taskman-mcp/internal/resources/task_resources.go:119.9,121.58 2 1
github.com/bchamber/taskman-mcp/internal/resources/task_resources.go:121.58,123.5 1 0
github.com/bchamber/taskman-mcp/internal/resources/task_resources.go:123.10,125.5 1 1
github.com/bchamber/taskman-mcp/internal/resources/task_resources.go:130.2,142.8 3 1
github.com/bchamber/taskman-mcp/internal/resources/task_resources.go:150.36,155.16 3 1
github.com/bchamber/taskman-mcp/internal/resources/task_resources.go:155.16,158.3 2 0
github.com/bchamber/taskman-mcp/internal/resources/task_resources.go:160.2,161.58 2 1
github.com/bchamber/taskman-mcp/internal/resources/task_resources.go:161.58,164.3 2 0
github.com/bchamber/taskman-mcp/internal/resources/task_resources.go:167.2,179.8 3 1
github.com/bchamber/taskman-mcp/internal/resources/task_resources.go:187.36,192.110 3 1
github.com/bchamber/taskman-mcp/internal/resources/task_resources.go:192.110,194.3 1 1
github.com/bchamber/taskman-mcp/internal/resources/task_resources.go:195.2,197.18 2 1
github.com/bchamber/taskman-mcp/internal/resources/task_resources.go:197.18,199.3 1 1
github.com/bchamber/taskman-mcp/internal/resources/task_resources.go:202.2,203.16 2 1
github.com/bchamber/taskman-mcp/internal/resources/task_resources.go:203.16,206.3 2 0
github.com/bchamber/taskman-mcp/internal/resources/task_resources.go:208.2,209.58 2 1
github.com/bchamber/taskman-mcp/internal/resources/task_resources.go:209.58,212.3 2 0
github.com/bchamber/taskman-mcp/internal/resources/task_resources.go:215.2,227.8 3 1
github.com/bchamber/taskman-mcp/internal/resources/task_resources.go:231.86,238.26 5 1
github.com/bchamber/taskman-mcp/internal/resources/task_resources.go:238.26,240.3 1 1
github.com/bchamber/taskman-mcp/internal/resources/task_resources.go:242.2,242.28 1 1
github.com/bchamber/taskman-mcp/internal/resources/task_resources.go:242.28,244.3 1 1
github.com/bchamber/taskman-mcp/internal/resources/task_resources.go:246.2,246.25 1 1
github.com/bchamber/taskman-mcp/internal/resources/task_resources.go:246.25,248.3 1 1
github.com/bchamber/taskman-mcp/internal/resources/task_resources.go:250.2,253.64 3 1
github.com/bchamber/taskman-mcp/internal/resources/task_resources.go:253.64,255.3 1 1
github.com/bchamber/taskman-mcp/internal/resources/task_resources.go:257.2,257.20 1 1
github.com/bchamber/taskman-mcp/internal/resources/task_resources.go:257.20,259.3 1 1
github.com/bchamber/taskman-mcp/internal/resources/task_resources.go:261.2,261.24 1 1
github.com/bchamber/taskman-mcp/internal/resources/task_resources.go:261.24,263.3 1 0
github.com/bchamber/taskman-mcp/internal/resources/task_resources.go:265.2,265.20 1 1
github.com/bchamber/taskman-mcp/internal/resources/task_resources.go:265.20,267.30 2 1
github.com/bchamber/taskman-mcp/internal/resources/task_resources.go:267.30,269.4 1 1
github.com/bchamber/taskman-mcp/internal/resources/task_resources.go:272.2,272.26 1 1
github.com/bchamber/taskman-mcp/internal/resources/task_resources.go:276.54,287.29 7 1
github.com/bchamber/taskman-mcp/internal/resources/task_resources.go:287.29,290.27 2 1
github.com/bchamber/taskman-mcp/internal/resources/task_resources.go:290.27,292.4 1 1
github.com/bchamber/taskman-mcp/internal/resources/task_resources.go:292.9,294.4 1 0
github.com/bchamber/taskman-mcp/internal/resources/task_resources.go:296.3,296.29 1 1
github.com/bchamber/taskman-mcp/internal/resources/task_resources.go:296.29,298.4 1 1
github.com/bchamber/taskman-mcp/internal/resources/task_resources.go:298.9,300.4 1 1
github.com/bchamber/taskman-mcp/internal/resources/task_resources.go:303.2,304.42 2 1
github.com/bchamber/taskman-mcp/internal/resources/task_resources.go:304.42,306.3 1 1
github.com/bchamber/taskman-mcp/internal/resources/task_resources.go:308.2,309.46 2 1
github.com/bchamber/taskman-mcp/internal/resources/task_resources.go:309.46,311.3 1 1
github.com/bchamber/taskman-mcp/internal/resources/task_resources.go:313.2,314.46 2 1
github.com/bchamber/taskman-mcp/internal/resources/task_resources.go:314.46,316.3 1 1
github.com/bchamber/taskman-mcp/internal/resources/task_resources.go:319.2,319.20 1 1
github.com/bchamber/taskman-mcp/internal/resources/task_resources.go:319.20,322.24 3 1
github.com/bchamber/taskman-mcp/internal/resources/task_resources.go:322.24,324.4 1 0
github.com/bchamber/taskman-mcp/internal/resources/task_resources.go:326.3,326.37 1 1
github.com/bchamber/taskman-mcp/internal/resources/task_resources.go:326.37,329.30 3 1
github.com/bchamber/taskman-mcp/internal/resources/task_resources.go:329.30,331.5 1 1
github.com/bchamber/taskman-mcp/internal/resources/task_resources.go:332.4,332.123 1 1
github.com/bchamber/taskman-mcp/internal/resources/task_resources.go:335.3,335.22 1 1
github.com/bchamber/taskman-mcp/internal/resources/task_resources.go:335.22,337.4 1 0
github.com/bchamber/taskman-mcp/internal/resources/task_resources.go:340.2,340.26 1 1
github.com/bchamber/taskman-mcp/internal/resources/task_resources.go:344.65,350.21 4 1
github.com/bchamber/taskman-mcp/internal/resources/task_resources.go:350.21,353.3 2 0
github.com/bchamber/taskman-mcp/internal/resources/task_resources.go:356.2,357.29 2 1
github.com/bchamber/taskman-mcp/internal/resources/task_resources.go:357.29,359.3 1 1
github.com/bchamber/taskman-mcp/internal/resources/task_resources.go:362.2,364.37 2 1
github.com/bchamber/taskman-mcp/internal/resources/task_resources.go:364.37,366.27 2 1
github.com/bchamber/taskman-mcp/internal/resources/task_resources.go:366.27,369.37 2 1
github.com/bchamber/taskman-mcp/internal/resources/task_resources.go:369.37,371.29 2 1
github.com/bchamber/taskman-mcp/internal/resources/task_resources.go:371.29,373.6 1 1
github.com/bchamber/taskman-mcp/internal/resources/task_resources.go:375.5,376.28 2 1
github.com/bchamber/taskman-mcp/internal/resources/task_resources.go:376.28,378.6 1 1
github.com/bchamber/taskman-mcp/internal/resources/task_resources.go:380.5,381.67 2 1
github.com/bchamber/taskman-mcp/internal/resources/task_resources.go:381.67,383.6 1 1
github.com/bchamber/taskman-mcp/internal/resources/task_resources.go:384.5,384.31 1 1
github.com/bchamber/taskman-mcp/internal/resources/task_resources.go:389.2,389.26 1 1
github.com/bchamber/taskman-mcp/internal/server/server.go:27.44,36.108 2 1
github.com/bchamber/taskman-mcp/internal/server/server.go:36.108,38.4 1 0
github.com/bchamber/taskman-mcp/internal/server/server.go:43.2,55.64 4 1
github.com/bchamber/taskman-mcp/internal/server/server.go:55.64,57.3 1 1
github.com/bchamber/taskman-mcp/internal/server/server.go:60.2,68.15 6 1
github.com/bchamber/taskman-mcp/internal/server/server.go:71.34,176.2 18 1
github.com/bchamber/taskman-mcp/internal/server/server.go:183.51,188.16 3 0
github.com/bchamber/taskman-mcp/internal/server/server.go:188.16,197.3 2 0
github.com/bchamber/taskman-mcp/internal/server/server.go:199.2,214.8 3 0
github.com/bchamber/taskman-mcp/internal/server/server.go:217.38,344.2 16 1
github.com/bchamber/taskman-mcp/internal/server/server.go:351.36,356.16 3 0
github.com/bchamber/taskman-mcp/internal/server/server.go:356.16,359.3 2 0
github.com/bchamber/taskman-mcp/internal/server/server.go:361.2,369.8 1 0
github.com/bchamber/taskman-mcp/internal/server/server.go:372.36,415.2 11 1
github.com/bchamber/taskman-mcp/internal/server/server.go:422.33,429.29 4 0
github.com/bchamber/taskman-mcp/internal/server/server.go:429.29,430.52 1 0
github.com/bchamber/taskman-mcp/internal/server/server.go:430.52,432.4 1 0
github.com/bchamber/taskman-mcp/internal/server/server.go:433.3,433.52 1 0
github.com/bchamber/taskman-mcp/internal/server/server.go:433.52,435.4 1 0
github.com/bchamber/taskman-mcp/internal/server/server.go:439.2,443.21 2 0
github.com/bchamber/taskman-mcp/internal/server/server.go:443.21,446.3 1 0
github.com/bchamber/taskman-mcp/internal/server/server.go:448.2,467.8 2 0
github.com/bchamber/taskman-mcp/internal/server/server.go:470.36,474.68 2 1
github.com/bchamber/taskman-mcp/internal/server/server.go:474.68,476.3 1 0
github.com/bchamber/taskman-mcp/internal/server/server.go:479.2,482.86 2 1
github.com/bchamber/taskman-mcp/internal/server/server.go:482.86,484.3 1 0
github.com/bchamber/taskman-mcp/internal/server/server.go:487.2,502.3 4 1
github.com/bchamber/taskman-mcp/internal/server/server.go:505.49,512.75 4 0
github.com/bchamber/taskman-mcp/internal/server/server.go:512.75,514.13 2 0
github.com/bchamber/taskman-mcp/internal/server/server.go:514.13,519.58 4 0
github.com/bchamber/taskman-mcp/internal/server/server.go:519.58,522.5 2 0
github.com/bchamber/taskman-mcp/internal/server/server.go:527.2,527.74 1 0
github.com/bchamber/taskman-mcp/internal/server/server.go:527.74,529.13 2 0
github.com/bchamber/taskman-mcp/internal/server/server.go:529.13,533.87 3 0
github.com/bchamber/taskman-mcp/internal/server/server.go:533.87,536.5 2 0
github.com/bchamber/taskman-mcp/internal/server/server.go:540.3,540.13 1 0
github.com/bchamber/taskman-mcp/internal/server/server.go:540.13,542.27 2 0
github.com/bchamber/taskman-mcp/internal/server/server.go:542.27,544.71 2 0
github.com/bchamber/taskman-mcp/internal/server/server.go:544.71,546.6 1 0
github.com/bchamber/taskman-mcp/internal/server/server.go:552.2,552.12 1 0
github.com/bchamber/taskman-mcp/internal/server/server.go:552.12,555.3 2 0
github.com/bchamber/taskman-mcp/internal/server/server.go:558.2,558.9 1 0
github.com/bchamber/taskman-mcp/internal/server/server.go:559.22,560.17 1 0
github.com/bchamber/taskman-mcp/internal/server/server.go:560.17,562.4 1 0
github.com/bchamber/taskman-mcp/internal/server/server.go:563.20,564.54 1 0
github.com/bchamber/taskman-mcp/internal/server/server.go:567.2,568.12 2 0
github.com/bchamber/taskman-mcp/internal/server/server.go:572.33,583.2 5 1
github.com/bchamber/taskman-mcp/internal/server/server.go:586.79,587.96 1 1
github.com/bchamber/taskman-mcp/internal/server/server.go:587.96,588.118 1 1
github.com/bchamber/taskman-mcp/internal/server/server.go:588.118,590.24 1 0
github.com/bchamber/taskman-mcp/internal/server/server.go:590.24,595.19 4 0
github.com/bchamber/taskman-mcp/internal/server/server.go:595.19,597.6 1 0
github.com/bchamber/taskman-mcp/internal/server/server.go:597.11,599.6 1 0
github.com/bchamber/taskman-mcp/internal/server/server.go:600.5,600.23 1 0
github.com/bchamber/taskman-mcp/internal/server/server.go:603.4,613.21 3 0
github.com/bchamber/taskman-mcp/internal/server/server.go:613.21,621.60 2 0
github.com/bchamber/taskman-mcp/internal/server/server.go:621.60,626.6 1 0
github.com/bchamber/taskman-mcp/internal/server/server.go:627.10,632.5 1 0
github.com/bchamber/taskman-mcp/internal/server/server.go:635.4,640.18 3 0
github.com/bchamber/taskman-mcp/internal/server/server.go:640.18,648.5 1 0
github.com/bchamber/taskman-mcp/internal/server/server.go:648.10,657.22 2 0
github.com/bchamber/taskman-mcp/internal/server/server.go:657.22,664.61 2 0
github.com/bchamber/taskman-mcp/internal/server/server.go:664.61,669.7 1 0
github.com/bchamber/taskman-mcp/internal/server/server.go:673.4,673.22 1 0
github.com/bchamber/taskman-mcp/internal/tools/project_tools.go:21.65,25.2 1 1
github.com/bchamber/taskman-mcp/internal/tools/project_tools.go:55.51,59.38 2 1
github.com/bchamber/taskman-mcp/internal/tools/project_tools.go:59.38,61.3 1 1
github.com/bchamber/taskman-mcp/internal/tools/project_tools.go:64.2,65.16 2 1
github.com/bchamber/taskman-mcp/internal/tools/project_tools.go:65.16,68.3 2 0
github.com/bchamber/taskman-mcp/internal/tools/project_tools.go:70.2,71.62 2 1
github.com/bchamber/taskman-mcp/internal/tools/project_tools.go:71.62,74.3 2 0
github.com/bchamber/taskman-mcp/internal/tools/project_tools.go:77.2,78.16 2 1
github.com/bchamber/taskman-mcp/internal/tools/project_tools.go:78.16,81.3 2 0
github.com/bchamber/taskman-mcp/internal/tools/project_tools.go:83.2,84.58 2 1
github.com/bchamber/taskman-mcp/internal/tools/project_tools.go:84.58,87.3 2 0
github.com/bchamber/taskman-mcp/internal/tools/project_tools.go:90.2,98.29 7 1
github.com/bchamber/taskman-mcp/internal/tools/project_tools.go:98.29,103.27 2 1
github.com/bchamber/taskman-mcp/internal/tools/project_tools.go:103.27,105.4 1 1
github.com/bchamber/taskman-mcp/internal/tools/project_tools.go:105.9,107.4 1 0
github.com/bchamber/taskman-mcp/internal/tools/project_tools.go:110.3,110.22 1 1
github.com/bchamber/taskman-mcp/internal/tools/project_tools.go:111.19,112.49 1 1
github.com/bchamber/taskman-mcp/internal/tools/project_tools.go:113.32,114.43 1 1
github.com/bchamber/taskman-mcp/internal/tools/project_tools.go:118.3,118.26 1 1
github.com/bchamber/taskman-mcp/internal/tools/project_tools.go:118.26,120.4 1 1
github.com/bchamber/taskman-mcp/internal/tools/project_tools.go:124.2,126.20 3 1
github.com/bchamber/taskman-mcp/internal/tools/project_tools.go:126.20,128.3 1 1
github.com/bchamber/taskman-mcp/internal/tools/project_tools.go:131.2,133.27 2 1
github.com/bchamber/taskman-mcp/internal/tools/project_tools.go:133.27,135.3 1 1
github.com/bchamber/taskman-mcp/internal/tools/project_tools.go:137.2,137.32 1 1
github.com/bchamber/taskman-mcp/internal/tools/project_tools.go:137.32,139.3 1 0
github.com/bchamber/taskman-mcp/internal/tools/project_tools.go:139.8,139.39 1 1
github.com/bchamber/taskman-mcp/internal/tools/project_tools.go:139.39,141.3 1 0
github.com/bchamber/taskman-mcp/internal/tools/project_tools.go:141.8,141.39 1 1
github.com/bchamber/taskman-mcp/internal/tools/project_tools.go:141.39,143.3 1 0
github.com/bchamber/taskman-mcp/internal/tools/project_tools.go:143.8,143.56 1 1
github.com/bchamber/taskman-mcp/internal/tools/project_tools.go:143.56,145.3 1 0
github.com/bchamber/taskman-mcp/internal/tools/project_tools.go:147.2,147.55 1 1
github.com/bchamber/taskman-mcp/internal/tools/project_tools.go:147.55,149.3 1 0
github.com/bchamber/taskman-mcp/internal/tools/project_tools.go:151.2,152.58 2 1
github.com/bchamber/taskman-mcp/internal/tools/project_tools.go:152.58,154.3 1 0
github.com/bchamber/taskman-mcp/internal/tools/project_tools.go:157.2,159.27 2 1
github.com/bchamber/taskman-mcp/internal/tools/project_tools.go:159.27,161.3 1 1
github.com/bchamber/taskman-mcp/internal/tools/project_tools.go:163.2,163.25 1 1
github.com/bchamber/taskman-mcp/internal/tools/project_tools.go:163.25,165.3 1 1
github.com/bchamber/taskman-mcp/internal/tools/project_tools.go:167.2,168.21 2 1
github.com/bchamber/taskman-mcp/internal/tools/project_tools.go:168.21,170.3 1 0
github.com/bchamber/taskman-mcp/internal/tools/project_tools.go:172.2,173.22 2 1
github.com/bchamber/taskman-mcp/internal/tools/project_tools.go:173.22,175.3 1 0
github.com/bchamber/taskman-mcp/internal/tools/project_tools.go:177.2,177.32 1 1
github.com/bchamber/taskman-mcp/internal/tools/project_tools.go:177.32,179.3 1 0
github.com/bchamber/taskman-mcp/internal/tools/project_tools.go:182.2,201.76 3 1
github.com/bchamber/taskman-mcp/internal/tools/project_tools.go:201.76,203.3 1 1
github.com/bchamber/taskman-mcp/internal/tools/project_tools.go:205.2,213.42 6 1
github.com/bchamber/taskman-mcp/internal/tools/project_tools.go:213.42,215.3 1 1
github.com/bchamber/taskman-mcp/internal/tools/project_tools.go:217.2,217.29 1 1
github.com/bchamber/taskman-mcp/internal/tools/project_tools.go:217.29,219.47 2 1
github.com/bchamber/taskman-mcp/internal/tools/project_tools.go:219.47,221.4 1 1
github.com/bchamber/taskman-mcp/internal/tools/project_tools.go:224.2,224.27 1 1
github.com/bchamber/taskman-mcp/internal/tools/project_tools.go:224.27,226.37 2 1
github.com/bchamber/taskman-mcp/internal/tools/project_tools.go:226.37,228.4 1 1
github.com/bchamber/taskman-mcp/internal/tools/project_tools.go:231.2,231.26 1 1
github.com/bchamber/taskman-mcp/internal/tools/project_tools.go:231.26,233.36 2 1
github.com/bchamber/taskman-mcp/internal/tools/project_tools.go:233.36,234.13 1 1
github.com/bchamber/taskman-mcp/internal/tools/project_tools.go:234.13,236.31 2 1
github.com/bchamber/taskman-mcp/internal/tools/project_tools.go:236.31,238.6 1 1
github.com/bchamber/taskman-mcp/internal/tools/project_tools.go:239.5,239.90 1 1
github.com/bchamber/taskman-mcp/internal/tools/project_tools.go:242.3,242.27 1 1
github.com/bchamber/taskman-mcp/internal/tools/project_tools.go:242.27,244.4 1 0
github.com/bchamber/taskman-mcp/internal/tools/project_tools.go:247.2,247.23 1 1
github.com/bchamber/taskman-mcp/internal/tools/project_tools.go:247.23,249.36 2 1
github.com/bchamber/taskman-mcp/internal/tools/project_tools.go:249.36,251.4 1 1
github.com/bchamber/taskman-mcp/internal/tools/project_tools.go:254.2,254.26 1 1
github.com/bchamber/taskman-mcp/internal/tools/project_tools.go:254.26,256.38 2 1
github.com/bchamber/taskman-mcp/internal/tools/project_tools.go:256.38,258.4 1 1
github.com/bchamber/taskman-mcp/internal/tools/project_tools.go:261.2,270.8 2 1
github.com/bchamber/taskman-mcp/internal/tools/project_tools.go:278.51,282.40 2 1
github.com/bchamber/taskman-mcp/internal/tools/project_tools.go:282.40,284.3 1 1
github.com/bchamber/taskman-mcp/internal/tools/project_tools.go:285.2,285.38 1 1
github.com/bchamber/taskman-mcp/internal/tools/project_tools.go:285.38,287.3 1 1
github.com/bchamber/taskman-mcp/internal/tools/project_tools.go:288.2,288.45 1 1
github.com/bchamber/taskman-mcp/internal/tools/project_tools.go:288.45,290.3 1 1
github.com/bchamber/taskman-mcp/internal/tools/project_tools.go:293.2,298.47 2 1
github.com/bchamber/taskman-mcp/internal/tools/project_tools.go:298.47,300.3 1 1
github.com/bchamber/taskman-mcp/internal/tools/project_tools.go:303.2,304.16 2 1
github.com/bchamber/taskman-mcp/internal/tools/project_tools.go:304.16,307.3 2 0
github.com/bchamber/taskman-mcp/internal/tools/project_tools.go:309.2,310.69 2 1
github.com/bchamber/taskman-mcp/internal/tools/project_tools.go:310.69,313.3 2 0
github.com/bchamber/taskman-mcp/internal/tools/project_tools.go:316.2,319.57 3 1
github.com/bchamber/taskman-mcp/internal/tools/project_tools.go:319.57,326.37 2 1
github.com/bchamber/taskman-mcp/internal/tools/project_tools.go:326.37,328.4 1 1
github.com/bchamber/taskman-mcp/internal/tools/project_tools.go:329.3,329.28 1 1
github.com/bchamber/taskman-mcp/internal/tools/project_tools.go:329.28,331.4 1 1
github.com/bchamber/taskman-mcp/internal/tools/project_tools.go:331.9,333.4 1 0
github.com/bchamber/taskman-mcp/internal/tools/project_tools.go:334.3,334.30 1 1
github.com/bchamber/taskman-mcp/internal/tools/project_tools.go:334.30,336.4 1 1
github.com/bchamber/taskman-mcp/internal/tools/project_tools.go:337.3,337.32 1 1
github.com/bchamber/taskman-mcp/internal/tools/project_tools.go:337.32,339.4 1 1
github.com/bchamber/taskman-mcp/internal/tools/project_tools.go:340.3,340.29 1 1
github.com/bchamber/taskman-mcp/internal/tools/project_tools.go:340.29,342.84 1 0
github.com/bchamber/taskman-mcp/internal/tools/project_tools.go:342.84,344.5 1 0
github.com/bchamber/taskman-mcp/internal/tools/project_tools.go:344.10,346.5 1 0
github.com/bchamber/taskman-mcp/internal/tools/project_tools.go:349.3,350.17 2 1
github.com/bchamber/taskman-mcp/internal/tools/project_tools.go:350.17,353.12 3 0
github.com/bchamber/taskman-mcp/internal/tools/project_tools.go:356.3,357.64 2 1
github.com/bchamber/taskman-mcp/internal/tools/project_tools.go:357.64,360.12 3 0
github.com/bchamber/taskman-mcp/internal/tools/project_tools.go:363.3,363.51 1 1
github.com/bchamber/taskman-mcp/internal/tools/project_tools.go:367.2,369.27 2 1
github.com/bchamber/taskman-mcp/internal/tools/project_tools.go:369.27,371.3 1 1
github.com/bchamber/taskman-mcp/internal/tools/project_tools.go:371.8,373.3 1 0
github.com/bchamber/taskman-mcp/internal/tools/project_tools.go:375.2,375.27 1 1
github.com/bchamber/taskman-mcp/internal/tools/project_tools.go:375.27,377.3 1 0
github.com/bchamber/taskman-mcp/internal/tools/project_tools.go:380.2,383.36 3 1
github.com/bchamber/taskman-mcp/internal/tools/project_tools.go:383.36,384.27 1 1
github.com/bchamber/taskman-mcp/internal/tools/project_tools.go:384.27,386.4 1 1
github.com/bchamber/taskman-mcp/internal/tools/project_tools.go:387.3,387.55 1 1
github.com/bchamber/taskman-mcp/internal/tools/project_tools.go:387.55,389.4 1 1
github.com/bchamber/taskman-mcp/internal/tools/project_tools.go:392.2,392.24 1 1
github.com/bchamber/taskman-mcp/internal/tools/project_tools.go:392.24,394.3 1 0
github.com/bchamber/taskman-mcp/internal/tools/project_tools.go:394.8,394.47 1 1
github.com/bchamber/taskman-mcp/internal/tools/project_tools.go:394.47,396.3 1 1
github.com/bchamber/taskman-mcp/internal/tools/project_tools.go:398.2,399.45 2 1
github.com/bchamber/taskman-mcp/internal/tools/project_tools.go:399.45,401.3 1 0
github.com/bchamber/taskman-mcp/internal/tools/project_tools.go:404.2,408.39 3 1
github.com/bchamber/taskman-mcp/internal/tools/project_tools.go:408.39,410.3 1 0
github.com/bchamber/taskman-mcp/internal/tools/project_tools.go:412.2,412.26 1 1
github.com/bchamber/taskman-mcp/internal/tools/project_tools.go:412.26,414.3 1 0
github.com/bchamber/taskman-mcp/internal/tools/project_tools.go:416.2,437.90 6 1
github.com/bchamber/taskman-mcp/internal/tools/project_tools.go:437.90,439.3 1 1
github.com/bchamber/taskman-mcp/internal/tools/project_tools.go:441.2,447.26 5 1
github.com/bchamber/taskman-mcp/internal/tools/project_tools.go:447.26,451.3 3 0
github.com/bchamber/taskman-mcp/internal/tools/project_tools.go:453.2,453.27 1 1
github.com/bchamber/taskman-mcp/internal/tools/project_tools.go:453.27,455.37 2 1
github.com/bchamber/taskman-mcp/internal/tools/project_tools.go:455.37,458.28 3 1
github.com/bchamber/taskman-mcp/internal/tools/project_tools.go:458.28,460.5 1 1
github.com/bchamber/taskman-mcp/internal/tools/project_tools.go:461.4,462.56 2 1
github.com/bchamber/taskman-mcp/internal/tools/project_tools.go:462.56,464.5 1 1
github.com/bchamber/taskman-mcp/internal/tools/project_tools.go:465.4,465.98 1 1
github.com/bchamber/taskman-mcp/internal/tools/project_tools.go:469.2,469.26 1 1
github.com/bchamber/taskman-mcp/internal/tools/project_tools.go:469.26,471.40 2 0
github.com/bchamber/taskman-mcp/internal/tools/project_tools.go:471.40,473.4 1 0
github.com/bchamber/taskman-mcp/internal/tools/project_tools.go:476.2,476.23 1 1
github.com/bchamber/taskman-mcp/internal/tools/project_tools.go:476.23,478.36 2 1
github.com/bchamber/taskman-mcp/internal/tools/project_tools.go:478.36,480.4 1 1
github.com/bchamber/taskman-mcp/internal/tools/project_tools.go:483.2,483.24 1 1
github.com/bchamber/taskman-mcp/internal/tools/project_tools.go:483.24,485.34 2 1
github.com/bchamber/taskman-mcp/internal/tools/project_tools.go:485.34,487.4 1 1
github.com/bchamber/taskman-mcp/internal/tools/project_tools.go:490.2,499.8 2 1
github.com/bchamber/taskman-mcp/internal/tools/project_tools.go:512.51,517.16 3 0
github.com/bchamber/taskman-mcp/internal/tools/project_tools.go:517.16,520.3 2 0
github.com/bchamber/taskman-mcp/internal/tools/project_tools.go:522.2,523.64 2 0
github.com/bchamber/taskman-mcp/internal/tools/project_tools.go:523.64,526.3 2 0
github.com/bchamber/taskman-mcp/internal/tools/project_tools.go:529.2,530.24 2 0
github.com/bchamber/taskman-mcp/internal/tools/project_tools.go:530.24,532.3 1 0
github.com/bchamber/taskman-mcp/internal/tools/project_tools.go:532.8,536.36 3 0
github.com/bchamber/taskman-mcp/internal/tools/project_tools.go:536.36,539.78 3 0
github.com/bchamber/taskman-mcp/internal/tools/project_tools.go:539.78,541.5 1 0
github.com/bchamber/taskman-mcp/internal/tools/project_tools.go:542.4,544.24 3 0
github.com/bchamber/taskman-mcp/internal/tools/project_tools.go:548.2,563.8 3 0
github.com/bchamber/taskman-mcp/internal/tools/task_tools.go:21.59,25.2 1 1
github.com/bchamber/taskman-mcp/internal/tools/task_tools.go:119.58,120.22 1 0
github.com/bchamber/taskman-mcp/internal/tools/task_tools.go:120.22,122.3 1 0
github.com/bchamber/taskman-mcp/internal/tools/task_tools.go:125.2,132.33 2 0
github.com/bchamber/taskman-mcp/internal/tools/task_tools.go:132.33,133.59 1 0
github.com/bchamber/taskman-mcp/internal/tools/task_tools.go:133.59,135.4 1 0
github.com/bchamber/taskman-mcp/internal/tools/task_tools.go:138.2,138.64 1 0
github.com/bchamber/taskman-mcp/internal/tools/task_tools.go:142.36,143.54 1 1
github.com/bchamber/taskman-mcp/internal/tools/task_tools.go:143.54,145.3 1 1
github.com/bchamber/taskman-mcp/internal/tools/task_tools.go:147.2,148.16 2 1
github.com/bchamber/taskman-mcp/internal/tools/task_tools.go:148.16,150.3 1 0
github.com/bchamber/taskman-mcp/internal/tools/task_tools.go:152.2,152.35 1 1
github.com/bchamber/taskman-mcp/internal/tools/task_tools.go:160.51,165.35 3 1
github.com/bchamber/taskman-mcp/internal/tools/task_tools.go:165.35,166.24 1 1
github.com/bchamber/taskman-mcp/internal/tools/task_tools.go:166.24,168.4 1 1
github.com/bchamber/taskman-mcp/internal/tools/task_tools.go:168.9,170.4 1 0
github.com/bchamber/taskman-mcp/internal/tools/task_tools.go:171.3,171.84 1 1
github.com/bchamber/taskman-mcp/internal/tools/task_tools.go:173.2,173.39 1 1
github.com/bchamber/taskman-mcp/internal/tools/task_tools.go:173.39,174.24 1 0
github.com/bchamber/taskman-mcp/internal/tools/task_tools.go:174.24,176.4 1 0
github.com/bchamber/taskman-mcp/internal/tools/task_tools.go:176.9,178.4 1 0
github.com/bchamber/taskman-mcp/internal/tools/task_tools.go:179.3,179.93 1 0
github.com/bchamber/taskman-mcp/internal/tools/task_tools.go:181.2,181.38 1 1
github.com/bchamber/taskman-mcp/internal/tools/task_tools.go:181.38,182.24 1 0
github.com/bchamber/taskman-mcp/internal/tools/task_tools.go:182.24,184.4 1 0
github.com/bchamber/taskman-mcp/internal/tools/task_tools.go:184.9,186.4 1 0
github.com/bchamber/taskman-mcp/internal/tools/task_tools.go:187.3,187.91 1 0
github.com/bchamber/taskman-mcp/internal/tools/task_tools.go:191.2,192.16 2 1
github.com/bchamber/taskman-mcp/internal/tools/task_tools.go:192.16,195.3 2 0
github.com/bchamber/taskman-mcp/internal/tools/task_tools.go:197.2,198.58 2 1
github.com/bchamber/taskman-mcp/internal/tools/task_tools.go:198.58,201.3 2 0
github.com/bchamber/taskman-mcp/internal/tools/task_tools.go:204.2,205.16 2 1
github.com/bchamber/taskman-mcp/internal/tools/task_tools.go:205.16,208.3 1 0
github.com/bchamber/taskman-mcp/internal/tools/task_tools.go:210.2,211.16 2 1
github.com/bchamber/taskman-mcp/internal/tools/task_tools.go:211.16,212.65 1 1
github.com/bchamber/taskman-mcp/internal/tools/task_tools.go:212.65,214.4 1 0
github.com/bchamber/taskman-mcp/internal/tools/task_tools.go:218.2,226.29 7 1
github.com/bchamber/taskman-mcp/internal/tools/task_tools.go:226.29,231.26 2 1
github.com/bchamber/taskman-mcp/internal/tools/task_tools.go:231.26,233.4 1 1
github.com/bchamber/taskman-mcp/internal/tools/task_tools.go:236.3,236.78 1 1
github.com/bchamber/taskman-mcp/internal/tools/task_tools.go:236.78,237.29 1 1
github.com/bchamber/taskman-mcp/internal/tools/task_tools.go:237.29,239.5 1 0
github.com/bchamber/taskman-mcp/internal/tools/task_tools.go:243.3,243.28 1 1
github.com/bchamber/taskman-mcp/internal/tools/task_tools.go:243.28,245.4 1 1
github.com/bchamber/taskman-mcp/internal/tools/task_tools.go:249.2,265.27 3 1
github.com/bchamber/taskman-mcp/internal/tools/task_tools.go:265.27,267.3 1 1
github.com/bchamber/taskman-mcp/internal/tools/task_tools.go:269.2,269.84 1 1
github.com/bchamber/taskman-mcp/internal/tools/task_tools.go:269.84,271.3 1 1
github.com/bchamber/taskman-mcp/internal/tools/task_tools.go:273.2,273.73 1 1
github.com/bchamber/taskman-mcp/internal/tools/task_tools.go:273.73,275.3 1 0
github.com/bchamber/taskman-mcp/internal/tools/task_tools.go:277.2,277.27 1 1
github.com/bchamber/taskman-mcp/internal/tools/task_tools.go:277.27,279.3 1 0
github.com/bchamber/taskman-mcp/internal/tools/task_tools.go:281.2,292.42 3 1
github.com/bchamber/taskman-mcp/internal/tools/task_tools.go:292.42,294.3 1 1
github.com/bchamber/taskman-mcp/internal/tools/task_tools.go:296.2,296.27 1 1
github.com/bchamber/taskman-mcp/internal/tools/task_tools.go:296.27,298.37 2 1
github.com/bchamber/taskman-mcp/internal/tools/task_tools.go:298.37,300.4 1 1
github.com/bchamber/taskman-mcp/internal/tools/task_tools.go:303.2,305.23 2 1
github.com/bchamber/taskman-mcp/internal/tools/task_tools.go:305.23,307.36 2 1
github.com/bchamber/taskman-mcp/internal/tools/task_tools.go:307.36,309.4 1 1
github.com/bchamber/taskman-mcp/internal/tools/task_tools.go:312.2,321.8 2 1
github.com/bchamber/taskman-mcp/internal/tools/task_tools.go:329.51,333.37 2 1
github.com/bchamber/taskman-mcp/internal/tools/task_tools.go:333.37,335.3 1 1
github.com/bchamber/taskman-mcp/internal/tools/task_tools.go:336.2,336.40 1 1
github.com/bchamber/taskman-mcp/internal/tools/task_tools.go:336.40,338.3 1 1
github.com/bchamber/taskman-mcp/internal/tools/task_tools.go:339.2,339.38 1 1
github.com/bchamber/taskman-mcp/internal/tools/task_tools.go:339.38,341.3 1 1
github.com/bchamber/taskman-mcp/internal/tools/task_tools.go:344.2,345.36 2 1
github.com/bchamber/taskman-mcp/internal/tools/task_tools.go:345.36,347.17 2 0
github.com/bchamber/taskman-mcp/internal/tools/task_tools.go:347.17,349.4 1 0
github.com/bchamber/taskman-mcp/internal/tools/task_tools.go:349.9,351.4 1 0
github.com/bchamber/taskman-mcp/internal/tools/task_tools.go:355.2,360.44 2 1
github.com/bchamber/taskman-mcp/internal/tools/task_tools.go:360.44,362.3 1 1
github.com/bchamber/taskman-mcp/internal/tools/task_tools.go:363.2,363.35 1 1
github.com/bchamber/taskman-mcp/internal/tools/task_tools.go:363.35,365.3 1 1
github.com/bchamber/taskman-mcp/internal/tools/task_tools.go:365.8,367.3 1 0
github.com/bchamber/taskman-mcp/internal/tools/task_tools.go:368.2,368.37 1 1
github.com/bchamber/taskman-mcp/internal/tools/task_tools.go:368.37,370.3 1 1
github.com/bchamber/taskman-mcp/internal/tools/task_tools.go:371.2,371.39 1 1
github.com/bchamber/taskman-mcp/internal/tools/task_tools.go:371.39,373.3 1 1
github.com/bchamber/taskman-mcp/internal/tools/task_tools.go:374.2,374.38 1 1
github.com/bchamber/taskman-mcp/internal/tools/task_tools.go:374.38,376.3 1 1
github.com/bchamber/taskman-mcp/internal/tools/task_tools.go:377.2,377.20 1 1
github.com/bchamber/taskman-mcp/internal/tools/task_tools.go:377.20,379.3 1 0
github.com/bchamber/taskman-mcp/internal/tools/task_tools.go:382.2,383.16 2 1
github.com/bchamber/taskman-mcp/internal/tools/task_tools.go:383.16,386.3 2 0
github.com/bchamber/taskman-mcp/internal/tools/task_tools.go:388.2,389.63 2 1
github.com/bchamber/taskman-mcp/internal/tools/task_tools.go:389.63,392.3 2 0
github.com/bchamber/taskman-mcp/internal/tools/task_tools.go:395.2,401.16 3 1
github.com/bchamber/taskman-mcp/internal/tools/task_tools.go:401.16,404.3 1 0
github.com/bchamber/taskman-mcp/internal/tools/task_tools.go:406.2,407.16 2 1
github.com/bchamber/taskman-mcp/internal/tools/task_tools.go:407.16,408.64 1 1
github.com/bchamber/taskman-mcp/internal/tools/task_tools.go:408.64,410.4 1 0
github.com/bchamber/taskman-mcp/internal/tools/task_tools.go:414.2,418.68 2 1
github.com/bchamber/taskman-mcp/internal/tools/task_tools.go:418.68,420.3 1 1
github.com/bchamber/taskman-mcp/internal/tools/task_tools.go:422.2,422.64 1 1
github.com/bchamber/taskman-mcp/internal/tools/task_tools.go:422.64,424.3 1 1
github.com/bchamber/taskman-mcp/internal/tools/task_tools.go:426.2,426.32 1 1
github.com/bchamber/taskman-mcp/internal/tools/task_tools.go:426.32,428.3 1 1
github.com/bchamber/taskman-mcp/internal/tools/task_tools.go:430.2,430.34 1 1
github.com/bchamber/taskman-mcp/internal/tools/task_tools.go:430.34,432.3 1 1
github.com/bchamber/taskman-mcp/internal/tools/task_tools.go:434.2,434.59 1 1
github.com/bchamber/taskman-mcp/internal/tools/task_tools.go:434.59,436.3 1 1
github.com/bchamber/taskman-mcp/internal/tools/task_tools.go:439.2,455.33 3 1
github.com/bchamber/taskman-mcp/internal/tools/task_tools.go:455.33,457.3 1 1
github.com/bchamber/taskman-mcp/internal/tools/task_tools.go:459.2,459.35 1 1
github.com/bchamber/taskman-mcp/internal/tools/task_tools.go:459.35,461.3 1 1
github.com/bchamber/taskman-mcp/internal/tools/task_tools.go:463.2,463.32 1 1
github.com/bchamber/taskman-mcp/internal/tools/task_tools.go:463.32,465.3 1 0
github.com/bchamber/taskman-mcp/internal/tools/task_tools.go:467.2,467.34 1 1
github.com/bchamber/taskman-mcp/internal/tools/task_tools.go:467.34,469.3 1 1
github.com/bchamber/taskman-mcp/internal/tools/task_tools.go:471.2,474.33 3 1
github.com/bchamber/taskman-mcp/internal/tools/task_tools.go:474.33,476.3 1 1
github.com/bchamber/taskman-mcp/internal/tools/task_tools.go:478.2,487.8 2 1
github.com/bchamber/taskman-mcp/internal/tools/task_tools.go:495.51,499.35 2 1
github.com/bchamber/taskman-mcp/internal/tools/task_tools.go:499.35,501.3 1 1
github.com/bchamber/taskman-mcp/internal/tools/task_tools.go:504.2,505.16 2 1
github.com/bchamber/taskman-mcp/internal/tools/task_tools.go:505.16,508.3 2 1
github.com/bchamber/taskman-mcp/internal/tools/task_tools.go:510.2,511.56 2 1
github.com/bchamber/taskman-mcp/internal/tools/task_tools.go:511.56,514.3 2 0
github.com/bchamber/taskman-mcp/internal/tools/task_tools.go:517.2,518.16 2 1
github.com/bchamber/taskman-mcp/internal/tools/task_tools.go:518.16,521.3 1 0
github.com/bchamber/taskman-mcp/internal/tools/task_tools.go:523.2,524.16 2 1
github.com/bchamber/taskman-mcp/internal/tools/task_tools.go:524.16,525.59 1 1
github.com/bchamber/taskman-mcp/internal/tools/task_tools.go:525.59,527.4 1 0
github.com/bchamber/taskman-mcp/internal/tools/task_tools.go:531.2,532.52 2 1
github.com/bchamber/taskman-mcp/internal/tools/task_tools.go:532.52,534.17 2 1
github.com/bchamber/taskman-mcp/internal/tools/task_tools.go:534.17,537.4 1 0
github.com/bchamber/taskman-mcp/internal/tools/task_tools.go:537.9,539.61 2 1
github.com/bchamber/taskman-mcp/internal/tools/task_tools.go:539.61,541.5 1 0
github.com/bchamber/taskman-mcp/internal/tools/task_tools.go:541.10,543.5 1 1
github.com/bchamber/taskman-mcp/internal/tools/task_tools.go:548.2,551.25 2 1
github.com/bchamber/taskman-mcp/internal/tools/task_tools.go:551.25,553.3 1 1
github.com/bchamber/taskman-mcp/internal/tools/task_tools.go:556.2,556.32 1 1
github.com/bchamber/taskman-mcp/internal/tools/task_tools.go:556.32,558.60 2 1
github.com/bchamber/taskman-mcp/internal/tools/task_tools.go:558.60,560.4 1 1
github.com/bchamber/taskman-mcp/internal/tools/task_tools.go:564.2,564.53 1 1
github.com/bchamber/taskman-mcp/internal/tools/task_tools.go:564.53,566.3 1 0
github.com/bchamber/taskman-mcp/internal/tools/task_tools.go:568.2,568.50 1 1
github.com/bchamber/taskman-mcp/internal/tools/task_tools.go:568.50,570.3 1 0
github.com/bchamber/taskman-mcp/internal/tools/task_tools.go:572.2,572.54 1 1
github.com/bchamber/taskman-mcp/internal/tools/task_tools.go:572.54,574.3 1 0
github.com/bchamber/taskman-mcp/internal/tools/task_tools.go:576.2,576.25 1 1
github.com/bchamber/taskman-mcp/internal/tools/task_tools.go:576.25,578.3 1 0
github.com/bchamber/taskman-mcp/internal/tools/task_tools.go:581.2,581.48 1 1
github.com/bchamber/taskman-mcp/internal/tools/task_tools.go:581.48,583.3 1 0
github.com/bchamber/taskman-mcp/internal/tools/task_tools.go:586.2,588.21 2 1
github.com/bchamber/taskman-mcp/internal/tools/task_tools.go:589.21,591.29 2 1
github.com/bchamber/taskman-mcp/internal/tools/task_tools.go:591.29,593.4 1 0
github.com/bchamber/taskman-mcp/internal/tools/task_tools.go:594.21,596.89 2 1
github.com/bchamber/taskman-mcp/internal/tools/task_tools.go:597.17,599.81 2 0
github.com/bchamber/taskman-mcp/internal/tools/task_tools.go:600.16,601.100 1 0
github.com/bchamber/taskman-mcp/internal/tools/task_tools.go:602.18,603.102 1 0
github.com/bchamber/taskman-mcp/internal/tools/task_tools.go:607.2,621.64 3 1
github.com/bchamber/taskman-mcp/internal/tools/task_tools.go:621.64,623.3 1 1
github.com/bchamber/taskman-mcp/internal/tools/task_tools.go:625.2,625.26 1 1
github.com/bchamber/taskman-mcp/internal/tools/task_tools.go:625.26,627.3 1 1
github.com/bchamber/taskman-mcp/internal/tools/task_tools.go:629.2,629.28 1 1
github.com/bchamber/taskman-mcp/internal/tools/task_tools.go:629.28,631.3 1 1
github.com/bchamber/taskman-mcp/internal/tools/task_tools.go:633.2,633.25 1 1
github.com/bchamber/taskman-mcp/internal/tools/task_tools.go:633.25,635.3 1 1
github.com/bchamber/taskman-mcp/internal/tools/task_tools.go:637.2,637.27 1 1
github.com/bchamber/taskman-mcp/internal/tools/task_tools.go:637.27,639.3 1 0
github.com/bchamber/taskman-mcp/internal/tools/task_tools.go:641.2,641.32 1 1
github.com/bchamber/taskman-mcp/internal/tools/task_tools.go:641.32,643.3 1 0
github.com/bchamber/taskman-mcp/internal/tools/task_tools.go:645.2,645.24 1 1
github.com/bchamber/taskman-mcp/internal/tools/task_tools.go:645.24,647.3 1 0
github.com/bchamber/taskman-mcp/internal/tools/task_tools.go:649.2,649.20 1 1
github.com/bchamber/taskman-mcp/internal/tools/task_tools.go:649.20,652.40 2 1
github.com/bchamber/taskman-mcp/internal/tools/task_tools.go:652.40,654.4 1 1
github.com/bchamber/taskman-mcp/internal/tools/task_tools.go:657.2,660.31 2 1
github.com/bchamber/taskman-mcp/internal/tools/task_tools.go:660.31,663.3 1 1
github.com/bchamber/taskman-mcp/internal/tools/task_tools.go:665.2,665.20 1 1
github.com/bchamber/taskman-mcp/internal/tools/task_tools.go:665.20,667.30 2 1
github.com/bchamber/taskman-mcp/internal/tools/task_tools.go:667.30,668.13 1 1
[...]
github.com/bchamber/taskman-mcp/internal/tools/task_tools.go:1142.2,1147.37 5 1
github.com/bchamber/taskman-mcp/internal/tools/task_tools.go:1147.37,1150.27 2 1
github.com/bchamber/taskman-mcp/internal/tools/task_tools.go:1150.27,1152.4 1 1
github.com/bchamber/taskman-mcp/internal/tools/task_tools.go:1152.9,1154.4 1 1
github.com/bchamber/taskman-mcp/internal/tools/task_tools.go:1156.3,1156.28 1 1
github.com/bchamber/taskman-mcp/internal/tools/task_tools.go:1156.28,1158.4 1 0
github.com/bchamber/taskman-mcp/internal/tools/task_tools.go:1158.9,1160.4 1 1
github.com/bchamber/taskman-mcp/internal/tools/task_tools.go:1162.3,1162.26 1 1
github.com/bchamber/taskman-mcp/internal/tools/task_tools.go:1162.26,1164.4 1 1
github.com/bchamber/taskman-mcp/internal/tools/task_tools.go:1168.2,1171.23 3 1
github.com/bchamber/taskman-mcp/internal/tools/task_tools.go:1171.23,1173.3 1 0
github.com/bchamber/taskman-mcp/internal/tools/task_tools.go:1173.8,1173.30 1 1
github.com/bchamber/taskman-mcp/internal/tools/task_tools.go:1173.30,1175.3 1 1
github.com/bchamber/taskman-mcp/internal/tools/task_tools.go:1175.8,1175.31 1 1
github.com/bchamber/taskman-mcp/internal/tools/task_tools.go:1175.31,1177.3 1 0
github.com/bchamber/taskman-mcp/internal/tools/task_tools.go:1179.2,1179.27 1 1
github.com/bchamber/taskman-mcp/internal/tools/task_tools.go:1179.27,1181.3 1 1
github.com/bchamber/taskman-mcp/internal/tools/task_tools.go:1183.2,1183.28 1 1
github.com/bchamber/taskman-mcp/internal/tools/task_tools.go:1183.28,1184.36 1 1
github.com/bchamber/taskman-mcp/internal/tools/task_tools.go:1184.36,1186.4 1 1
github.com/bchamber/taskman-mcp/internal/tools/task_tools.go:1189.2,1189.29 1 1
github.com/bchamber/taskman-mcp/internal/tools/task_tools.go:1189.29,1190.78 1 1
github.com/bchamber/taskman-mcp/internal/tools/task_tools.go:1190.78,1192.4 1 1
github.com/bchamber/taskman-mcp/internal/tools/task_tools.go:1196.2,1198.23 2 1
github.com/bchamber/taskman-mcp/internal/tools/task_tools.go:1198.23,1201.3 2 0
github.com/bchamber/taskman-mcp/internal/tools/task_tools.go:1201.8,1202.28 1 1
github.com/bchamber/taskman-mcp/internal/tools/task_tools.go:1202.28,1204.4 1 1
github.com/bchamber/taskman-mcp/internal/tools/task_tools.go:1206.3,1206.82 1 1
github.com/bchamber/taskman-mcp/internal/tools/task_tools.go:1206.82,1208.4 1 0
github.com/bchamber/taskman-mcp/internal/tools/task_tools.go:1210.3,1210.69 1 1
github.com/bchamber/taskman-mcp/internal/tools/task_tools.go:1210.69,1212.4 1 0
github.com/bchamber/taskman-mcp/internal/tools/task_tools.go:1216.2,1234.73 3 1
github.com/bchamber/taskman-mcp/internal/tools/task_tools.go:1234.73,1237.36 2 1
github.com/bchamber/taskman-mcp/internal/tools/task_tools.go:1237.36,1239.4 1 1
github.com/bchamber/taskman-mcp/internal/tools/task_tools.go:1240.3,1240.38 1 1
github.com/bchamber/taskman-mcp/internal/tools/task_tools.go:1240.38,1242.4 1 1
github.com/bchamber/taskman-mcp/internal/tools/task_tools.go:1243.3,1243.40 1 1
github.com/bchamber/taskman-mcp/internal/tools/task_tools.go:1243.40,1245.4 1 1
github.com/bchamber/taskman-mcp/internal/tools/task_tools.go:1246.3,1246.39 1 1
github.com/bchamber/taskman-mcp/internal/tools/task_tools.go:1246.39,1248.4 1 0
github.com/bchamber/taskman-mcp/internal/tools/task_tools.go:1249.3,1249.40 1 1
github.com/bchamber/taskman-mcp/internal/tools/task_tools.go:1249.40,1251.4 1 1
github.com/bchamber/taskman-mcp/internal/tools/task_tools.go:1252.3,1252.41 1 1
github.com/bchamber/taskman-mcp/internal/tools/task_tools.go:1252.41,1254.4 1 0
github.com/bchamber/taskman-mcp/internal/tools/task_tools.go:1255.3,1255.39 1 1
github.com/bchamber/taskman-mcp/internal/tools/task_tools.go:1255.39,1257.4 1 0
github.com/bchamber/taskman-mcp/internal/tools/task_tools.go:1260.2,1260.22 1 1
github.com/bchamber/taskman-mcp/internal/tools/task_tools.go:1260.22,1262.43 2 1
github.com/bchamber/taskman-mcp/internal/tools/task_tools.go:1262.43,1264.4 1 1
github.com/bchamber/taskman-mcp/internal/tools/task_tools.go:1266.3,1266.28 1 1
github.com/bchamber/taskman-mcp/internal/tools/task_tools.go:1266.28,1268.38 2 1
github.com/bchamber/taskman-mcp/internal/tools/task_tools.go:1268.38,1269.14 1 1
github.com/bchamber/taskman-mcp/internal/tools/task_tools.go:1269.14,1271.6 1 1
github.com/bchamber/taskman-mcp/internal/tools/task_tools.go:1273.4,1273.29 1 1
github.com/bchamber/taskman-mcp/internal/tools/task_tools.go:1273.29,1275.5 1 0
github.com/bchamber/taskman-mcp/internal/tools/task_tools.go:1278.3,1279.38 2 1
github.com/bchamber/taskman-mcp/internal/tools/task_tools.go:1279.38,1280.14 1 1
github.com/bchamber/taskman-mcp/internal/tools/task_tools.go:1280.14,1282.31 2 1
github.com/bchamber/taskman-mcp/internal/tools/task_tools.go:1282.31,1284.6 1 1
github.com/bchamber/taskman-mcp/internal/tools/task_tools.go:1285.5,1286.29 2 1
github.com/bchamber/taskman-mcp/internal/tools/task_tools.go:1286.29,1288.6 1 1
github.com/bchamber/taskman-mcp/internal/tools/task_tools.go:1289.5,1289.104 1 1
github.com/bchamber/taskman-mcp/internal/tools/task_tools.go:1292.3,1292.30 1 1
github.com/bchamber/taskman-mcp/internal/tools/task_tools.go:1292.30,1294.4 1 0
github.com/bchamber/taskman-mcp/internal/tools/task_tools.go:1297.2,1297.23 1 1
github.com/bchamber/taskman-mcp/internal/tools/task_tools.go:1297.23,1299.36 2 1
github.com/bchamber/taskman-mcp/internal/tools/task_tools.go:1299.36,1301.4 1 1
github.com/bchamber/taskman-mcp/internal/tools/task_tools.go:1304.2,1304.26 1 1
github.com/bchamber/taskman-mcp/internal/tools/task_tools.go:1304.26,1306.42 2 1
github.com/bchamber/taskman-mcp/internal/tools/task_tools.go:1306.42,1308.4 1 1
github.com/bchamber/taskman-mcp/internal/tools/task_tools.go:1311.2,1320.8 2 1
github.com/bchamber/taskman-mcp/internal/tools/task_tools.go:1333.51,1338.16 3 0
github.com/bchamber/taskman-mcp/internal/tools/task_tools.go:1338.16,1341.3 2 0
github.com/bchamber/taskman-mcp/internal/tools/task_tools.go:1343.2,1344.58 2 0
github.com/bchamber/taskman-mcp/internal/tools/task_tools.go:1344.58,1347.3 2 0
github.com/bchamber/taskman-mcp/internal/tools/task_tools.go:1350.2,1355.29 5 0
github.com/bchamber/taskman-mcp/internal/tools/task_tools.go:1355.29,1360.51 2 0
github.com/bchamber/taskman-mcp/internal/tools/task_tools.go:1360.51,1362.4 1 0
github.com/bchamber/taskman-mcp/internal/tools/task_tools.go:1362.9,1364.4 1 0
github.com/bchamber/taskman-mcp/internal/tools/task_tools.go:1367.3,1367.53 1 0
github.com/bchamber/taskman-mcp/internal/tools/task_tools.go:1367.53,1369.4 1 0
github.com/bchamber/taskman-mcp/internal/tools/task_tools.go:1369.9,1371.4 1 0
github.com/bchamber/taskman-mcp/internal/tools/task_tools.go:1374.3,1374.26 1 0
github.com/bchamber/taskman-mcp/internal/tools/task_tools.go:1374.26,1376.4 1 0
github.com/bchamber/taskman-mcp/internal/tools/task_tools.go:1380.2,1381.21 2 0
github.com/bchamber/taskman-mcp/internal/tools/task_tools.go:1381.21,1383.3 1 0
github.com/bchamber/taskman-mcp/internal/tools/task_tools.go:1383.8,1389.46 4 0
github.com/bchamber/taskman-mcp/internal/tools/task_tools.go:1389.46,1391.4 1 0
github.com/bchamber/taskman-mcp/internal/tools/task_tools.go:1392.3,1396.50 3 0
github.com/bchamber/taskman-mcp/internal/tools/task_tools.go:1396.50,1398.4 1 0
github.com/bchamber/taskman-mcp/internal/tools/task_tools.go:1399.3,1402.28 2 0
github.com/bchamber/taskman-mcp/internal/tools/task_tools.go:1402.28,1404.38 2 0
github.com/bchamber/taskman-mcp/internal/tools/task_tools.go:1404.38,1406.28 2 0
github.com/bchamber/taskman-mcp/internal/tools/task_tools.go:1406.28,1408.6 1 0
github.com/bchamber/taskman-mcp/internal/tools/task_tools.go:1409.5,1409.25 1 0
github.com/bchamber/taskman-mcp/internal/tools/task_tools.go:1411.4,1411.24 1 0
github.com/bchamber/taskman-mcp/internal/tools/task_tools.go:1415.3,1417.24 3 0
github.com/bchamber/taskman-mcp/internal/tools/task_tools.go:1417.24,1419.4 1 0
github.com/bchamber/taskman-mcp/internal/tools/task_tools.go:1421.3,1421.37 1 0
github.com/bchamber/taskman-mcp/internal/tools/task_tools.go:1421.37,1424.52 3 0
github.com/bchamber/taskman-mcp/internal/tools/task_tools.go:1424.52,1426.5 1 0
github.com/bchamber/taskman-mcp/internal/tools/task_tools.go:1427.4,1427.56 1 0
github.com/bchamber/taskman-mcp/internal/tools/task_tools.go:1427.56,1429.5 1 0
github.com/bchamber/taskman-mcp/internal/tools/task_tools.go:1430.4,1430.25 1 0
github.com/bchamber/taskman-mcp/internal/tools/task_tools.go:1433.3,1433.22 1 0
github.com/bchamber/taskman-mcp/internal/tools/task_tools.go:1433.22,1435.4 1 0
github.com/bchamber/taskman-mcp/internal/tools/task_tools.go:1438.2,1458.8 3 0
github.com/bchamber/taskman-mcp/internal/tools/task_tools.go:1473.51,1477.35 2 0
github.com/bchamber/taskman-mcp/internal/tools/task_tools.go:1477.35,1479.3 1 0
github.com/bchamber/taskman-mcp/internal/tools/task_tools.go:1480.2,1480.33 1 0
github.com/bchamber/taskman-mcp/internal/tools/task_tools.go:1480.33,1482.3 1 0
github.com/bchamber/taskman-mcp/internal/tools/task_tools.go:1483.2,1483.38 1 0
github.com/bchamber/taskman-mcp/internal/tools/task_tools.go:1483.38,1485.3 1 0
github.com/bchamber/taskman-mcp/internal/tools/task_tools.go:1488.2,1489.16 2 0
github.com/bchamber/taskman-mcp/internal/tools/task_tools.go:1489.16,1492.3 2 0
github.com/bchamber/taskman-mcp/internal/tools/task_tools.go:1494.2,1495.56 2 0
github.com/bchamber/taskman-mcp/internal/tools/task_tools.go:1495.56,1498.3 2 0
github.com/bchamber/taskman-mcp/internal/tools/task_tools.go:1501.2,1507.16 3 0
github.com/bchamber/taskman-mcp/internal/tools/task_tools.go:1507.16,1510.3 2 0
github.com/bchamber/taskman-mcp/internal/tools/task_tools.go:1512.2,1513.63 2 0
github.com/bchamber/taskman-mcp/internal/tools/task_tools.go:1513.63,1516.3 2 0
github.com/bchamber/taskman-mcp/internal/tools/task_tools.go:1519.2,1537.33 11 0
github.com/bchamber/taskman-mcp/internal/tools/task_tools.go:1537.33,1539.3 1 0
github.com/bchamber/taskman-mcp/internal/tools/task_tools.go:1541.2,1559.8 3 0
github.com/bchamber/taskman-mcp/internal/tools/user_tools.go:21.59,25.2 1 1
github.com/bchamber/taskman-mcp/internal/tools/user_tools.go:42.51,46.35 2 1
github.com/bchamber/taskman-mcp/internal/tools/user_tools.go:46.35,48.3 1 1
github.com/bchamber/taskman-mcp/internal/tools/user_tools.go:51.2,61.38 6 1
github.com/bchamber/taskman-mcp/internal/tools/user_tools.go:61.38,63.3 1 1
github.com/bchamber/taskman-mcp/internal/tools/user_tools.go:65.2,66.16 2 1
github.com/bchamber/taskman-mcp/internal/tools/user_tools.go:66.16,69.3 2 0
github.com/bchamber/taskman-mcp/internal/tools/user_tools.go:71.2,71.73 1 1
github.com/bchamber/taskman-mcp/internal/tools/user_tools.go:71.73,74.3 2 0
github.com/bchamber/taskman-mcp/internal/tools/user_tools.go:76.2,79.36 2 1
github.com/bchamber/taskman-mcp/internal/tools/user_tools.go:79.36,84.39 2 1
github.com/bchamber/taskman-mcp/internal/tools/user_tools.go:84.39,86.4 1 0
github.com/bchamber/taskman-mcp/internal/tools/user_tools.go:88.3,89.17 2 1
github.com/bchamber/taskman-mcp/internal/tools/user_tools.go:89.17,91.4 1 0
github.com/bchamber/taskman-mcp/internal/tools/user_tools.go:91.9,92.67 1 1
github.com/bchamber/taskman-mcp/internal/tools/user_tools.go:92.67,94.5 1 0
github.com/bchamber/taskman-mcp/internal/tools/user_tools.go:94.10,96.5 1 1
github.com/bchamber/taskman-mcp/internal/tools/user_tools.go:101.2,101.37 1 1
github.com/bchamber/taskman-mcp/internal/tools/user_tools.go:101.37,106.39 2 1
github.com/bchamber/taskman-mcp/internal/tools/user_tools.go:106.39,108.4 1 0
github.com/bchamber/taskman-mcp/internal/tools/user_tools.go:110.3,111.17 2 1
github.com/bchamber/taskman-mcp/internal/tools/user_tools.go:111.17,113.4 1 0
github.com/bchamber/taskman-mcp/internal/tools/user_tools.go:113.9,114.69 1 1
github.com/bchamber/taskman-mcp/internal/tools/user_tools.go:114.69,116.5 1 0
github.com/bchamber/taskman-mcp/internal/tools/user_tools.go:116.10,118.5 1 1
github.com/bchamber/taskman-mcp/internal/tools/user_tools.go:123.2,131.36 7 1
github.com/bchamber/taskman-mcp/internal/tools/user_tools.go:131.36,133.27 1 1
github.com/bchamber/taskman-mcp/internal/tools/user_tools.go:133.27,135.4 1 1
github.com/bchamber/taskman-mcp/internal/tools/user_tools.go:135.9,137.4 1 0
github.com/bchamber/taskman-mcp/internal/tools/user_tools.go:140.3,140.28 1 1
github.com/bchamber/taskman-mcp/internal/tools/user_tools.go:140.28,142.4 1 0
github.com/bchamber/taskman-mcp/internal/tools/user_tools.go:142.9,144.4 1 1
github.com/bchamber/taskman-mcp/internal/tools/user_tools.go:147.3,147.26 1 1
github.com/bchamber/taskman-mcp/internal/tools/user_tools.go:147.26,149.4 1 1
github.com/bchamber/taskman-mcp/internal/tools/user_tools.go:149.9,149.33 1 1
github.com/bchamber/taskman-mcp/internal/tools/user_tools.go:149.33,150.75 1 0
github.com/bchamber/taskman-mcp/internal/tools/user_tools.go:150.75,151.63 1 0
github.com/bchamber/taskman-mcp/internal/tools/user_tools.go:151.63,153.6 1 0
github.com/bchamber/taskman-mcp/internal/tools/user_tools.go:159.2,162.76 2 1
github.com/bchamber/taskman-mcp/internal/tools/user_tools.go:162.76,167.36 2 1
github.com/bchamber/taskman-mcp/internal/tools/user_tools.go:167.36,168.28 1 1
github.com/bchamber/taskman-mcp/internal/tools/user_tools.go:168.28,170.5 1 0
github.com/bchamber/taskman-mcp/internal/tools/user_tools.go:170.10,171.27 1 1
github.com/bchamber/taskman-mcp/internal/tools/user_tools.go:172.17,173.47 1 1
github.com/bchamber/taskman-mcp/internal/tools/user_tools.go:174.19,175.51 1 1
github.com/bchamber/taskman-mcp/internal/tools/user_tools.go:176.16,177.45 1 0
github.com/bchamber/taskman-mcp/internal/tools/user_tools.go:178.13,179.43 1 0
github.com/bchamber/taskman-mcp/internal/tools/user_tools.go:184.3,188.51 5 1
github.com/bchamber/taskman-mcp/internal/tools/user_tools.go:192.2,192.77 1 1
github.com/bchamber/taskman-mcp/internal/tools/user_tools.go:192.77,194.3 1 1
github.com/bchamber/taskman-mcp/internal/tools/user_tools.go:197.2,200.21 3 1
github.com/bchamber/taskman-mcp/internal/tools/user_tools.go:200.21,202.3 1 0
github.com/bchamber/taskman-mcp/internal/tools/user_tools.go:202.8,202.28 1 1
github.com/bchamber/taskman-mcp/internal/tools/user_tools.go:202.28,204.3 1 0
github.com/bchamber/taskman-mcp/internal/tools/user_tools.go:204.8,204.28 1 1
github.com/bchamber/taskman-mcp/internal/tools/user_tools.go:204.28,206.3 1 0
github.com/bchamber/taskman-mcp/internal/tools/user_tools.go:206.8,206.27 1 1
github.com/bchamber/taskman-mcp/internal/tools/user_tools.go:206.27,208.3 1 0
github.com/bchamber/taskman-mcp/internal/tools/user_tools.go:210.2,210.27 1 1
github.com/bchamber/taskman-mcp/internal/tools/user_tools.go:210.27,212.3 1 1
github.com/bchamber/taskman-mcp/internal/tools/user_tools.go:214.2,214.27 1 1
github.com/bchamber/taskman-mcp/internal/tools/user_tools.go:214.27,216.3 1 0
github.com/bchamber/taskman-mcp/internal/tools/user_tools.go:218.2,219.56 2 1
github.com/bchamber/taskman-mcp/internal/tools/user_tools.go:219.56,221.3 1 0
github.com/bchamber/taskman-mcp/internal/tools/user_tools.go:223.2,223.27 1 1
github.com/bchamber/taskman-mcp/internal/tools/user_tools.go:223.27,225.3 1 1
github.com/bchamber/taskman-mcp/internal/tools/user_tools.go:227.2,228.22 2 1
github.com/bchamber/taskman-mcp/internal/tools/user_tools.go:228.22,230.3 1 0
github.com/bchamber/taskman-mcp/internal/tools/user_tools.go:233.2,235.27 2 1
github.com/bchamber/taskman-mcp/internal/tools/user_tools.go:235.27,237.3 1 1
github.com/bchamber/taskman-mcp/internal/tools/user_tools.go:239.2,239.53 1 1
github.com/bchamber/taskman-mcp/internal/tools/user_tools.go:239.53,241.3 1 0
github.com/bchamber/taskman-mcp/internal/tools/user_tools.go:243.2,243.27 1 1
github.com/bchamber/taskman-mcp/internal/tools/user_tools.go:243.27,245.3 1 0
github.com/bchamber/taskman-mcp/internal/tools/user_tools.go:247.2,247.27 1 1
github.com/bchamber/taskman-mcp/internal/tools/user_tools.go:247.27,249.3 1 1
github.com/bchamber/taskman-mcp/internal/tools/user_tools.go:251.2,251.20 1 1
github.com/bchamber/taskman-mcp/internal/tools/user_tools.go:251.20,253.3 1 0
github.com/bchamber/taskman-mcp/internal/tools/user_tools.go:255.2,255.30 1 1
github.com/bchamber/taskman-mcp/internal/tools/user_tools.go:255.30,257.3 1 0
github.com/bchamber/taskman-mcp/internal/tools/user_tools.go:259.2,259.72 1 1
github.com/bchamber/taskman-mcp/internal/tools/user_tools.go:259.72,261.3 1 0
github.com/bchamber/taskman-mcp/internal/tools/user_tools.go:264.2,286.38 3 1
github.com/bchamber/taskman-mcp/internal/tools/user_tools.go:286.38,288.3 1 1
github.com/bchamber/taskman-mcp/internal/tools/user_tools.go:290.2,292.36 3 1
github.com/bchamber/taskman-mcp/internal/tools/user_tools.go:292.36,294.3 1 1
github.com/bchamber/taskman-mcp/internal/tools/user_tools.go:295.2,295.37 1 1
github.com/bchamber/taskman-mcp/internal/tools/user_tools.go:295.37,297.3 1 1
github.com/bchamber/taskman-mcp/internal/tools/user_tools.go:299.2,299.29 1 1
github.com/bchamber/taskman-mcp/internal/tools/user_tools.go:299.29,301.47 2 1
github.com/bchamber/taskman-mcp/internal/tools/user_tools.go:301.47,303.4 1 1
github.com/bchamber/taskman-mcp/internal/tools/user_tools.go:306.2,306.27 1 1
github.com/bchamber/taskman-mcp/internal/tools/user_tools.go:306.27,308.37 2 1
github.com/bchamber/taskman-mcp/internal/tools/user_tools.go:308.37,309.13 1 1
github.com/bchamber/taskman-mcp/internal/tools/user_tools.go:309.13,311.29 2 1
github.com/bchamber/taskman-mcp/internal/tools/user_tools.go:311.29,313.6 1 1
github.com/bchamber/taskman-mcp/internal/tools/user_tools.go:314.5,314.97 1 1
github.com/bchamber/taskman-mcp/internal/tools/user_tools.go:317.3,317.28 1 1
github.com/bchamber/taskman-mcp/internal/tools/user_tools.go:317.28,319.4 1 0
github.com/bchamber/taskman-mcp/internal/tools/user_tools.go:322.2,322.27 1 1
github.com/bchamber/taskman-mcp/internal/tools/user_tools.go:322.27,324.37 2 0
github.com/bchamber/taskman-mcp/internal/tools/user_tools.go:324.37,325.13 1 0
github.com/bchamber/taskman-mcp/internal/tools/user_tools.go:325.13,327.29 2 0
github.com/bchamber/taskman-mcp/internal/tools/user_tools.go:327.29,329.6 1 0
github.com/bchamber/taskman-mcp/internal/tools/user_tools.go:330.5,330.97 1 0
github.com/bchamber/taskman-mcp/internal/tools/user_tools.go:333.3,333.28 1 0
github.com/bchamber/taskman-mcp/internal/tools/user_tools.go:333.28,335.4 1 0
github.com/bchamber/taskman-mcp/internal/tools/user_tools.go:338.2,338.26 1 1
github.com/bchamber/taskman-mcp/internal/tools/user_tools.go:338.26,340.36 2 1
github.com/bchamber/taskman-mcp/internal/tools/user_tools.go:340.36,341.13 1 1
github.com/bchamber/taskman-mcp/internal/tools/user_tools.go:341.13,343.29 2 1
github.com/bchamber/taskman-mcp/internal/tools/user_tools.go:343.29,345.6 1 1
github.com/bchamber/taskman-mcp/internal/tools/user_tools.go:347.5,348.28 2 1
github.com/bchamber/taskman-mcp/internal/tools/user_tools.go:348.28,349.29 1 1
github.com/bchamber/taskman-mcp/internal/tools/user_tools.go:349.29,351.7 1 1
github.com/bchamber/taskman-mcp/internal/tools/user_tools.go:351.12,353.7 1 0
github.com/bchamber/taskman-mcp/internal/tools/user_tools.go:356.5,356.107 1 1
github.com/bchamber/taskman-mcp/internal/tools/user_tools.go:359.3,359.27 1 1
github.com/bchamber/taskman-mcp/internal/tools/user_tools.go:359.27,361.4 1 0
github.com/bchamber/taskman-mcp/internal/tools/user_tools.go:364.2,364.27 1 1
github.com/bchamber/taskman-mcp/internal/tools/user_tools.go:364.27,366.37 2 1
github.com/bchamber/taskman-mcp/internal/tools/user_tools.go:366.37,368.4 1 1
github.com/bchamber/taskman-mcp/internal/tools/user_tools.go:371.2,371.23 1 1
github.com/bchamber/taskman-mcp/internal/tools/user_tools.go:371.23,373.36 2 1
github.com/bchamber/taskman-mcp/internal/tools/user_tools.go:373.36,375.4 1 1
github.com/bchamber/taskman-mcp/internal/tools/user_tools.go:378.2,378.30 1 1
github.com/bchamber/taskman-mcp/internal/tools/user_tools.go:378.30,380.50 2 1
github.com/bchamber/taskman-mcp/internal/tools/user_tools.go:380.50,382.4 1 1
github.com/bchamber/taskman-mcp/internal/tools/user_tools.go:385.2,394.8 2 1
